P1 wins, P2 wins, Draws, TOTAL TIME P1, TOTAL TIME P2, TOTAL MOVES, TOTAL MOVES P1, TOTAL MOVES P2
1, 0, 0, 3.31663577E8, 5.30049727E8, 33, 17, 16
0, 1, 0, 2.8106799E8, 5.1664039E8, 30, 15, 15
0, 1, 0, 3.10288533E8, 5.24737157E8, 36, 18, 18
0, 1, 0, 2.70597532E8, 4.35783623E8, 24, 12, 12
0, 1, 0, 1.80369864E8, 2.62571702E8, 16, 8, 8
0, 1, 0, 2.98349008E8, 5.28791501E8, 38, 19, 19
0, 1, 0, 3.22212772E8, 5.40454967E8, 36, 18, 18
0, 1, 0, 1.52294658E8, 2.27160301E8, 14, 7, 7
0, 1, 0, 2.31188944E8, 3.72559702E8, 22, 11, 11
0, 1, 0, 2.80333649E8, 4.80291776E8, 34, 17, 17
0, 1, 0, 2.50775082E8, 4.03740451E8, 26, 13, 13
1, 0, 0, 2.94154366E8, 5.36124988E8, 39, 20, 19
0, 1, 0, 3.13404512E8, 5.26461039E8, 38, 19, 19
0, 1, 0, 1.89445346E8, 3.10592198E8, 18, 9, 9
0, 1, 0, 3.41212541E8, 5.72855627E8, 36, 18, 18
0, 1, 0, 2.56331075E8, 4.61682454E8, 34, 17, 17
0, 1, 0, 2.27400493E8, 4.07009464E8, 24, 12, 12
0, 1, 0, 1.53737243E8, 2.38134216E8, 14, 7, 7
0, 1, 0, 1.87243022E8, 2.94502874E8, 18, 9, 9
0, 1, 0, 2.7801108E8, 4.74056297E8, 34, 17, 17
0, 1, 0, 2.07697012E8, 3.16843379E8, 20, 10, 10
1, 0, 0, 2.7308297E8, 3.9877941E8, 29, 15, 14
1, 0, 0, 2.96617675E8, 4.82889642E8, 35, 18, 17
0, 1, 0, 1.56981128E8, 2.30595338E8, 14, 7, 7
0, 1, 0, 2.70338722E8, 5.09232458E8, 36, 18, 18
0, 1, 0, 2.35816745E8, 4.22862844E8, 24, 12, 12
0, 1, 0, 2.10020372E8, 3.48277382E8, 22, 11, 11
0, 1, 0, 2.03808762E8, 3.34877724E8, 20, 10, 10
0, 1, 0, 1.56180731E8, 2.41788177E8, 16, 8, 8
0, 1, 0, 2.48748743E8, 4.03723568E8, 26, 13, 13
1, 0, 0, 2.74540611E8, 4.89931728E8, 33, 17, 16
0, 1, 0, 2.15835768E8, 3.49369309E8, 20, 10, 10
1, 0, 0, 3.06151469E8, 5.63162976E8, 39, 20, 19
0, 1, 0, 1.81338204E8, 3.00947539E8, 18, 9, 9
0, 1, 0, 1.97627198E8, 2.85556673E8, 18, 9, 9
0, 1, 0, 2.63554183E8, 4.7626312E8, 34, 17, 17
0, 1, 0, 3.03759655E8, 5.45990221E8, 38, 19, 19
0, 1, 0, 3.01210407E8, 5.99899356E8, 42, 21, 21
0, 1, 0, 3.11438668E8, 5.07801015E8, 36, 18, 18
0, 1, 0, 2.86693066E8, 5.04665316E8, 32, 16, 16
0, 1, 0, 1.6619677E8, 2.6169312E8, 16, 8, 8
0, 1, 0, 1.87453902E8, 2.90549414E8, 18, 9, 9
0, 1, 0, 2.41498821E8, 4.1060715E8, 24, 12, 12
0, 1, 0, 1.88818457E8, 2.97751171E8, 18, 9, 9
0, 1, 0, 2.15941658E8, 3.41096569E8, 20, 10, 10
0, 1, 0, 2.21520399E8, 3.93476164E8, 26, 13, 13
0, 1, 0, 2.8692199E8, 4.98488971E8, 38, 19, 19
0, 1, 0, 2.40938526E8, 4.65155601E8, 28, 14, 14
0, 1, 0, 1.61138559E8, 2.61389962E8, 16, 8, 8
0, 1, 0, 2.48871163E8, 4.88728357E8, 30, 15, 15
0, 1, 0, 2.90535075E8, 5.18761553E8, 32, 16, 16
0, 1, 0, 2.77768834E8, 4.69139191E8, 34, 17, 17
0, 1, 0, 2.24893469E8, 3.75087056E8, 22, 11, 11
0, 1, 0, 1.824038E8, 2.81515176E8, 20, 10, 10
0, 1, 0, 1.85408778E8, 3.10998584E8, 18, 9, 9
0, 1, 0, 2.47851917E8, 4.42172154E8, 26, 13, 13
0, 1, 0, 3.04702614E8, 5.62830313E8, 36, 18, 18
0, 1, 0, 2.96994404E8, 5.2813943E8, 40, 20, 20
0, 1, 0, 2.00489086E8, 3.18728747E8, 20, 10, 10
0, 0, 1, 3.64189154E8, 6.20248099E8, 42, 21, 21
1, 0, 0, 3.13263411E8, 5.33824304E8, 39, 20, 19
0, 1, 0, 2.34461177E8, 4.05282339E8, 24, 12, 12
0, 1, 0, 3.11882035E8, 5.39216526E8, 40, 20, 20
1, 0, 0, 2.91771774E8, 5.36133257E8, 39, 20, 19
0, 1, 0, 2.97153939E8, 5.33975597E8, 40, 20, 20
0, 1, 0, 2.9388249E8, 5.43204896E8, 36, 18, 18
0, 1, 0, 3.30413526E8, 5.725189E8, 42, 21, 21
0, 1, 0, 2.14111296E8, 3.44289858E8, 26, 13, 13
0, 1, 0, 1.92519493E8, 3.07690358E8, 18, 9, 9
0, 1, 0, 2.65859612E8, 4.92845742E8, 34, 17, 17
0, 1, 0, 2.24976299E8, 3.91672352E8, 24, 12, 12
1, 0, 0, 1.69780175E8, 2.53727163E8, 17, 9, 8
1, 0, 0, 2.21231541E8, 3.3729437E8, 21, 11, 10
0, 1, 0, 2.90874423E8, 4.94650654E8, 38, 19, 19
0, 1, 0, 2.53063771E8, 4.30019528E8, 26, 13, 13
0, 1, 0, 3.20131991E8, 5.52483076E8, 36, 18, 18
0, 1, 0, 2.548123E8, 4.2324212E8, 30, 15, 15
0, 1, 0, 1.8688085E8, 3.09575857E8, 18, 9, 9
0, 1, 0, 2.17738735E8, 3.39694001E8, 20, 10, 10
0, 1, 0, 2.15138048E8, 3.54079009E8, 22, 11, 11
0, 1, 0, 2.54589767E8, 4.13970513E8, 34, 17, 17
0, 1, 0, 1.69430679E8, 2.75497981E8, 16, 8, 8
0, 1, 0, 1.49588576E8, 2.11439624E8, 14, 7, 7
0, 1, 0, 2.10053445E8, 3.51096032E8, 22, 11, 11
1, 0, 0, 3.08453125E8, 5.20864826E8, 39, 20, 19
0, 1, 0, 1.99067905E8, 2.94410519E8, 20, 10, 10
0, 1, 0, 2.29067176E8, 3.69113928E8, 22, 11, 11
0, 1, 0, 1.59944872E8, 2.49802252E8, 16, 8, 8
0, 1, 0, 1.88132993E8, 2.99131104E8, 18, 9, 9
0, 1, 0, 2.53388249E8, 4.79030798E8, 34, 17, 17
0, 1, 0, 1.57866048E8, 2.46132195E8, 14, 7, 7
0, 1, 0, 2.3314545E8, 4.40422129E8, 26, 13, 13
0, 1, 0, 2.56919658E8, 4.24955922E8, 26, 13, 13
0, 1, 0, 2.9641049E8, 5.73911068E8, 36, 18, 18
0, 1, 0, 2.83465834E8, 4.78198838E8, 32, 16, 16
0, 1, 0, 1.98954567E8, 3.06704417E8, 20, 10, 10
0, 1, 0, 2.04761405E8, 3.30277941E8, 22, 11, 11
0, 1, 0, 2.16205754E8, 3.45348993E8, 20, 10, 10
0, 1, 0, 3.05009744E8, 5.53684199E8, 38, 19, 19
0, 1, 0, 1.8805399E8, 2.9569698E8, 18, 9, 9
0, 1, 0, 2.55310371E8, 4.5778304E8, 34, 17, 17
1, 0, 0, 2.84434847E8, 5.03063998E8, 37, 19, 18
0, 1, 0, 3.60314812E8, 5.91757568E8, 42, 21, 21
0, 1, 0, 2.37110835E8, 4.51384675E8, 26, 13, 13
0, 1, 0, 1.8114903E8, 2.82640096E8, 18, 9, 9
1, 0, 0, 1.94531452E8, 2.9068094E8, 21, 11, 10
0, 1, 0, 2.37561875E8, 3.91215044E8, 24, 12, 12
0, 1, 0, 1.73662466E8, 2.92945848E8, 18, 9, 9
0, 1, 0, 3.43668406E8, 5.6380184E8, 40, 20, 20
0, 1, 0, 3.36887045E8, 5.7501269E8, 38, 19, 19
0, 1, 0, 1.96759602E8, 2.97740726E8, 18, 9, 9
0, 1, 0, 2.56128619E8, 4.65899531E8, 34, 17, 17
1, 0, 0, 3.02762945E8, 5.16577122E8, 35, 18, 17
0, 1, 0, 2.63115542E8, 4.45964745E8, 28, 14, 14
1, 0, 0, 3.05509351E8, 5.47186308E8, 39, 20, 19
0, 1, 0, 2.10477554E8, 3.78565068E8, 22, 11, 11
1, 0, 0, 2.70466701E8, 4.8227531E8, 29, 15, 14
0, 1, 0, 3.00045463E8, 5.17103788E8, 36, 18, 18
0, 1, 0, 1.88494127E8, 2.96668548E8, 18, 9, 9
1, 0, 0, 2.92087843E8, 4.781969E8, 35, 18, 17
1, 0, 0, 2.98680077E8, 5.50359864E8, 39, 20, 19
0, 1, 0, 1.93392056E8, 3.02049171E8, 18, 9, 9
0, 1, 0, 2.71023132E8, 4.58362085E8, 28, 14, 14
0, 1, 0, 1.89912481E8, 3.15843581E8, 18, 9, 9
0, 1, 0, 2.03185206E8, 3.26860917E8, 22, 11, 11
0, 1, 0, 2.53629164E8, 4.33812887E8, 28, 14, 14
1, 0, 0, 2.44867856E8, 3.80220941E8, 25, 13, 12
0, 1, 0, 2.32912089E8, 3.839026E8, 24, 12, 12
1, 0, 0, 3.24118949E8, 5.29075948E8, 39, 20, 19
0, 1, 0, 1.9130934E8, 3.03505601E8, 18, 9, 9
0, 0, 1, 3.51641896E8, 5.9653686E8, 42, 21, 21
1, 0, 0, 1.6867429E8, 2.49713596E8, 17, 9, 8
0, 1, 0, 2.21988565E8, 3.58696344E8, 22, 11, 11
0, 1, 0, 3.07274232E8, 5.08253749E8, 40, 20, 20
0, 1, 0, 2.73997392E8, 4.92509581E8, 34, 17, 17
0, 1, 0, 2.96650662E8, 5.2652095E8, 42, 21, 21
0, 1, 0, 2.5267708E8, 4.08739256E8, 24, 12, 12
0, 1, 0, 1.53604256E8, 2.40188538E8, 14, 7, 7
0, 1, 0, 2.26691445E8, 3.81857846E8, 26, 13, 13
0, 1, 0, 2.82207086E8, 4.77574539E8, 36, 18, 18
0, 1, 0, 2.74997307E8, 4.93667525E8, 28, 14, 14
1, 0, 0, 3.18565703E8, 5.46079608E8, 39, 20, 19
1, 0, 0, 2.78643593E8, 4.52464367E8, 31, 16, 15
0, 1, 0, 2.98155424E8, 4.94072712E8, 28, 14, 14
1, 0, 0, 3.01799129E8, 5.35244043E8, 39, 20, 19
0, 1, 0, 3.19496066E8, 5.49314668E8, 40, 20, 20
0, 1, 0, 2.80929764E8, 5.10348755E8, 36, 18, 18
0, 1, 0, 2.10376782E8, 3.48070109E8, 20, 10, 10
0, 1, 0, 3.14719759E8, 5.77643323E8, 38, 19, 19
0, 1, 0, 1.83702683E8, 2.93180844E8, 18, 9, 9
0, 1, 0, 2.64816879E8, 4.89355272E8, 34, 17, 17
0, 1, 0, 1.78204337E8, 2.61789715E8, 18, 9, 9
0, 1, 0, 2.2009325E8, 3.97548458E8, 24, 12, 12
0, 1, 0, 3.12169223E8, 5.50661889E8, 40, 20, 20
0, 1, 0, 2.54483195E8, 4.27445011E8, 26, 13, 13
0, 1, 0, 2.77162708E8, 4.95771626E8, 32, 16, 16
0, 1, 0, 2.57974199E8, 4.71438829E8, 28, 14, 14
0, 1, 0, 2.024849E8, 3.55521953E8, 20, 10, 10
0, 1, 0, 2.6955474E8, 4.67620024E8, 36, 18, 18
0, 1, 0, 3.06367487E8, 5.01939459E8, 30, 15, 15
0, 1, 0, 1.80915321E8, 2.92808098E8, 18, 9, 9
0, 1, 0, 2.65457462E8, 4.63976395E8, 36, 18, 18
0, 1, 0, 2.52031232E8, 4.29333973E8, 26, 13, 13
0, 1, 0, 1.83728705E8, 2.74405619E8, 18, 9, 9
1, 0, 0, 3.07834859E8, 5.44397008E8, 37, 19, 18
0, 1, 0, 2.63036174E8, 4.87913851E8, 30, 15, 15
0, 1, 0, 2.11060813E8, 3.51530485E8, 22, 11, 11
0, 1, 0, 2.59277633E8, 4.73898666E8, 34, 17, 17
0, 1, 0, 2.06142234E8, 3.60895235E8, 22, 11, 11
0, 1, 0, 2.46091457E8, 4.01504567E8, 24, 12, 12
0, 1, 0, 2.2943469E8, 4.21460565E8, 24, 12, 12
0, 1, 0, 3.12844258E8, 5.55227343E8, 40, 20, 20
0, 1, 0, 1.97993323E8, 3.12690271E8, 20, 10, 10
1, 0, 0, 2.59334029E8, 4.30726237E8, 33, 17, 16
0, 1, 0, 2.54015808E8, 4.16240554E8, 24, 12, 12
0, 1, 0, 1.85037122E8, 2.92870943E8, 18, 9, 9
0, 1, 0, 1.81003248E8, 2.80237418E8, 18, 9, 9
1, 0, 0, 1.75671858E8, 2.55810454E8, 17, 9, 8
0, 1, 0, 1.90768099E8, 2.99038319E8, 18, 9, 9
0, 1, 0, 1.87683907E8, 3.03027208E8, 18, 9, 9
0, 1, 0, 2.43853569E8, 4.34747618E8, 26, 13, 13
0, 1, 0, 1.74197208E8, 2.6257495E8, 16, 8, 8
0, 0, 1, 3.83641271E8, 6.03191381E8, 42, 21, 21
0, 1, 0, 3.14854305E8, 5.31129518E8, 38, 19, 19
0, 1, 0, 2.70965696E8, 4.37701745E8, 28, 14, 14
0, 1, 0, 2.70411567E8, 4.52514504E8, 34, 17, 17
0, 1, 0, 3.07419346E8, 5.48844672E8, 38, 19, 19
0, 1, 0, 2.15636416E8, 3.51456138E8, 22, 11, 11
0, 1, 0, 2.8782131E8, 5.03597354E8, 36, 18, 18
0, 1, 0, 3.01170331E8, 5.30577597E8, 38, 19, 19
1, 0, 0, 3.07912903E8, 5.26913104E8, 39, 20, 19
0, 1, 0, 2.47112899E8, 4.41226413E8, 28, 14, 14
0, 1, 0, 2.47768573E8, 4.18264831E8, 26, 13, 13
1, 0, 0, 1.70869624E8, 2.50309851E8, 17, 9, 8
0, 1, 0, 2.52600184E8, 4.96776407E8, 30, 15, 15
0, 1, 0, 1.76837824E8, 2.81513882E8, 16, 8, 8
0, 1, 0, 2.95668944E8, 4.82214955E8, 30, 15, 15
0, 1, 0, 2.12150587E8, 3.41606612E8, 20, 10, 10
1, 0, 0, 3.20646504E8, 5.35090569E8, 39, 20, 19
0, 1, 0, 2.10631841E8, 3.51018991E8, 20, 10, 10
0, 1, 0, 2.1455762E8, 3.52572331E8, 22, 11, 11
0, 1, 0, 1.6832376E8, 2.44876077E8, 16, 8, 8
0, 1, 0, 3.02688908E8, 5.38212003E8, 30, 15, 15
0, 1, 0, 2.72498888E8, 5.29331154E8, 32, 16, 16
0, 1, 0, 2.72354864E8, 4.49271437E8, 28, 14, 14
1, 0, 0, 1.70926136E8, 2.47238679E8, 17, 9, 8
0, 1, 0, 2.8117405E8, 5.00067809E8, 32, 16, 16
0, 1, 0, 1.97589562E8, 3.01750408E8, 18, 9, 9
0, 1, 0, 3.44275474E8, 5.98879208E8, 38, 19, 19
0, 1, 0, 2.20478852E8, 3.36293921E8, 24, 12, 12
0, 1, 0, 1.58609104E8, 2.41702545E8, 14, 7, 7
1, 0, 0, 3.24797088E8, 5.76815605E8, 37, 19, 18
0, 1, 0, 1.84056973E8, 2.96011006E8, 18, 9, 9
0, 1, 0, 3.07444036E8, 5.48747698E8, 40, 20, 20
1, 0, 0, 1.81767335E8, 2.49923341E8, 17, 9, 8
0, 1, 0, 3.18750725E8, 5.75635066E8, 40, 20, 20
0, 1, 0, 3.00935226E8, 5.62968374E8, 34, 17, 17
0, 1, 0, 1.93202982E8, 3.56118646E8, 20, 10, 10
0, 1, 0, 2.54074952E8, 4.79281652E8, 28, 14, 14
0, 1, 0, 2.63279058E8, 4.76376032E8, 34, 17, 17
0, 1, 0, 2.45027335E8, 4.69638885E8, 28, 14, 14
0, 1, 0, 2.77586835E8, 4.53266575E8, 36, 18, 18
1, 0, 0, 3.28703706E8, 5.48132408E8, 39, 20, 19
0, 1, 0, 2.27235395E8, 3.68291012E8, 22, 11, 11
0, 1, 0, 2.05695572E8, 3.64922199E8, 22, 11, 11
0, 1, 0, 2.79143853E8, 4.98115771E8, 30, 15, 15
0, 1, 0, 2.99363685E8, 5.30075487E8, 36, 18, 18
0, 1, 0, 2.32225229E8, 3.88078104E8, 24, 12, 12
0, 1, 0, 1.8017353E8, 2.78279855E8, 18, 9, 9
1, 0, 0, 2.45603274E8, 3.81750377E8, 29, 15, 14
0, 1, 0, 2.66753225E8, 4.83095468E8, 28, 14, 14
0, 1, 0, 2.45719419E8, 4.71348613E8, 28, 14, 14
0, 1, 0, 1.91981588E8, 3.21342371E8, 18, 9, 9
0, 1, 0, 1.93075845E8, 2.99229854E8, 18, 9, 9
0, 1, 0, 2.25215391E8, 3.71862792E8, 22, 11, 11
0, 1, 0, 2.4236687E8, 4.38810238E8, 26, 13, 13
0, 1, 0, 2.63520091E8, 4.28269574E8, 36, 18, 18
0, 1, 0, 2.14693509E8, 3.39532307E8, 20, 10, 10
0, 1, 0, 2.28184315E8, 3.78388676E8, 24, 12, 12
0, 1, 0, 2.23065887E8, 3.5188472E8, 22, 11, 11
0, 1, 0, 3.34212839E8, 5.70342821E8, 40, 20, 20
0, 1, 0, 2.0828688E8, 3.84223896E8, 22, 11, 11
0, 1, 0, 2.49856369E8, 4.46895086E8, 26, 13, 13
0, 1, 0, 1.75467206E8, 2.75059213E8, 16, 8, 8
0, 1, 0, 1.45555102E8, 2.00798177E8, 14, 7, 7
0, 1, 0, 2.45153305E8, 4.3894323E8, 34, 17, 17
0, 1, 0, 1.74354824E8, 2.6531092E8, 16, 8, 8
1, 0, 0, 2.56167595E8, 3.93693783E8, 27, 14, 13
1, 0, 0, 3.07228263E8, 5.14739198E8, 39, 20, 19
0, 1, 0, 3.45707237E8, 5.98194663E8, 42, 21, 21
0, 1, 0, 3.05034016E8, 5.07019273E8, 36, 18, 18
0, 1, 0, 2.56795919E8, 4.33597399E8, 34, 17, 17
0, 1, 0, 3.11750458E8, 5.3715008E8, 38, 19, 19
0, 1, 0, 1.72271996E8, 2.61779435E8, 16, 8, 8
0, 1, 0, 2.40000985E8, 4.21696346E8, 34, 17, 17
0, 1, 0, 2.25034235E8, 3.82082385E8, 22, 11, 11
0, 1, 0, 2.44752213E8, 4.34169569E8, 34, 17, 17
0, 1, 0, 2.61904598E8, 4.26049321E8, 28, 14, 14
0, 1, 0, 2.74195173E8, 4.66795763E8, 30, 15, 15
0, 1, 0, 2.09222892E8, 3.35629888E8, 22, 11, 11
1, 0, 0, 3.1201698E8, 5.30404432E8, 35, 18, 17
0, 1, 0, 2.86304631E8, 4.96125754E8, 36, 18, 18
0, 1, 0, 2.43411308E8, 4.14138648E8, 24, 12, 12
0, 1, 0, 1.87991239E8, 3.0101783E8, 18, 9, 9
0, 1, 0, 1.57951029E8, 2.3636931E8, 14, 7, 7
0, 1, 0, 1.99195809E8, 3.24346035E8, 18, 9, 9
1, 0, 0, 2.94800932E8, 5.31641789E8, 39, 20, 19
1, 0, 0, 3.17688417E8, 5.3228028E8, 39, 20, 19
1, 0, 0, 3.12251215E8, 5.23354682E8, 39, 20, 19
0, 1, 0, 1.9021126E8, 3.2459781E8, 18, 9, 9
0, 1, 0, 1.89544813E8, 3.02347808E8, 18, 9, 9
0, 1, 0, 2.04823732E8, 3.25701529E8, 22, 11, 11
0, 1, 0, 1.88565775E8, 3.14099088E8, 18, 9, 9
0, 1, 0, 1.86570267E8, 3.04796196E8, 18, 9, 9
0, 1, 0, 1.96046872E8, 3.2922312E8, 20, 10, 10
0, 1, 0, 2.74693751E8, 4.95414679E8, 28, 14, 14
0, 1, 0, 2.94790551E8, 4.90483607E8, 34, 17, 17
1, 0, 0, 2.98517208E8, 5.28834344E8, 39, 20, 19
0, 1, 0, 2.45719526E8, 3.92341807E8, 24, 12, 12
1, 0, 0, 2.81400021E8, 5.12455391E8, 39, 20, 19
0, 1, 0, 1.91566024E8, 3.12444955E8, 18, 9, 9
1, 0, 0, 3.22338227E8, 5.22400541E8, 37, 19, 18
0, 1, 0, 3.32248722E8, 5.81641211E8, 34, 17, 17
0, 1, 0, 2.35366561E8, 3.92110095E8, 24, 12, 12
1, 0, 0, 2.6119105E8, 4.80116185E8, 39, 20, 19
0, 1, 0, 2.07940071E8, 3.30565818E8, 20, 10, 10
0, 1, 0, 2.98919564E8, 5.50237409E8, 42, 21, 21
0, 1, 0, 1.89961764E8, 3.06176821E8, 18, 9, 9
0, 1, 0, 2.44774819E8, 4.11130742E8, 26, 13, 13
0, 1, 0, 2.75083052E8, 4.68874892E8, 38, 19, 19
0, 1, 0, 1.45089272E8, 2.0286235E8, 14, 7, 7
0, 1, 0, 2.68188901E8, 4.52535699E8, 34, 17, 17
0, 1, 0, 1.90680177E8, 3.12174424E8, 18, 9, 9
1, 0, 0, 3.06346843E8, 5.22200312E8, 35, 18, 17
0, 1, 0, 1.56191666E8, 2.38906763E8, 14, 7, 7
0, 1, 0, 2.27790051E8, 3.71499608E8, 30, 15, 15
0, 1, 0, 2.53022961E8, 4.10687614E8, 26, 13, 13
0, 1, 0, 2.41041122E8, 3.85428694E8, 26, 13, 13
0, 1, 0, 2.40569586E8, 4.33932782E8, 30, 15, 15
0, 1, 0, 2.30195859E8, 3.9185163E8, 24, 12, 12
0, 1, 0, 2.1654258E8, 3.5857932E8, 22, 11, 11
0, 1, 0, 1.99666753E8, 3.25238696E8, 20, 10, 10
0, 1, 0, 2.4533668E8, 4.18283101E8, 26, 13, 13
0, 1, 0, 3.13952476E8, 5.60287762E8, 36, 18, 18
0, 1, 0, 2.1624828E8, 3.43302359E8, 20, 10, 10
0, 1, 0, 2.8240494E8, 5.08120337E8, 36, 18, 18
0, 1, 0, 2.72616214E8, 4.78682692E8, 36, 18, 18
0, 1, 0, 2.13869846E8, 3.57411559E8, 22, 11, 11
1, 0, 0, 3.0416161E8, 5.51578556E8, 39, 20, 19
1, 0, 0, 2.02026425E8, 2.81026879E8, 19, 10, 9
0, 1, 0, 2.88531358E8, 4.65281383E8, 32, 16, 16
0, 1, 0, 1.71966975E8, 2.89954206E8, 18, 9, 9
0, 1, 0, 2.60370812E8, 4.25624031E8, 26, 13, 13
0, 1, 0, 1.82690358E8, 2.90873189E8, 18, 9, 9
0, 1, 0, 1.80744312E8, 2.91457341E8, 18, 9, 9
0, 1, 0, 3.11250664E8, 5.3550694E8, 38, 19, 19
0, 1, 0, 2.82961357E8, 4.95756947E8, 34, 17, 17
0, 1, 0, 2.59366442E8, 4.89246976E8, 34, 17, 17
0, 1, 0, 2.73957059E8, 5.02922269E8, 38, 19, 19
1, 0, 0, 3.04769261E8, 5.12074997E8, 35, 18, 17
0, 1, 0, 2.39291801E8, 4.56968345E8, 28, 14, 14
0, 1, 0, 2.79726328E8, 4.78966727E8, 30, 15, 15
1, 0, 0, 2.21959432E8, 3.32659542E8, 21, 11, 10
0, 1, 0, 2.54146879E8, 4.34934803E8, 34, 17, 17
0, 1, 0, 3.30402038E8, 5.54094753E8, 32, 16, 16
0, 1, 0, 2.1508596E8, 3.59827965E8, 20, 10, 10
0, 1, 0, 2.21604226E8, 3.598509E8, 22, 11, 11
0, 1, 0, 1.88052647E8, 2.9168222E8, 18, 9, 9
0, 1, 0, 2.11990368E8, 3.39935121E8, 20, 10, 10
0, 1, 0, 3.45426023E8, 5.76298494E8, 42, 21, 21
0, 1, 0, 2.45869683E8, 4.3731479E8, 26, 13, 13
0, 0, 1, 3.52287663E8, 5.92945712E8, 42, 21, 21
0, 1, 0, 2.60976708E8, 4.48494807E8, 30, 15, 15
1, 0, 0, 2.9711436E8, 5.0262984E8, 33, 17, 16
1, 0, 0, 3.03537383E8, 5.44513212E8, 39, 20, 19
1, 0, 0, 1.76791897E8, 2.47711472E8, 17, 9, 8
0, 1, 0, 2.85208923E8, 5.11912566E8, 32, 16, 16
0, 1, 0, 1.86719219E8, 2.99912735E8, 18, 9, 9
0, 1, 0, 2.30054146E8, 3.59641897E8, 24, 12, 12
1, 0, 0, 1.97467159E8, 3.04605211E8, 21, 11, 10
0, 1, 0, 2.53645541E8, 4.4971429E8, 32, 16, 16
1, 0, 0, 1.91708624E8, 3.04456842E8, 21, 11, 10
0, 1, 0, 2.13880523E8, 3.55167105E8, 20, 10, 10
0, 1, 0, 2.19461839E8, 3.46484628E8, 24, 12, 12
0, 1, 0, 1.69137269E8, 2.62815038E8, 16, 8, 8
0, 1, 0, 2.18108435E8, 3.52121298E8, 22, 11, 11
1, 0, 0, 2.7802057E8, 5.15314881E8, 39, 20, 19
0, 1, 0, 1.75209928E8, 2.79352459E8, 16, 8, 8
0, 1, 0, 2.0715068E8, 3.57331016E8, 20, 10, 10
0, 1, 0, 3.37066178E8, 5.46324534E8, 40, 20, 20
1, 0, 0, 2.75985254E8, 4.91979089E8, 35, 18, 17
0, 1, 0, 2.16760329E8, 3.58332768E8, 20, 10, 10
0, 1, 0, 3.08870438E8, 5.51748291E8, 36, 18, 18
1, 0, 0, 1.7084651E8, 2.53612092E8, 17, 9, 8
0, 1, 0, 1.8656749E8, 3.03774178E8, 18, 9, 9
0, 1, 0, 1.9985167E8, 3.41280593E8, 20, 10, 10
0, 1, 0, 2.99979621E8, 4.94345935E8, 36, 18, 18
0, 1, 0, 1.91291476E8, 3.15615395E8, 18, 9, 9
0, 1, 0, 1.8553048E8, 2.95368865E8, 18, 9, 9
0, 1, 0, 2.18382806E8, 3.3521063E8, 20, 10, 10
0, 1, 0, 1.89458152E8, 3.12082832E8, 20, 10, 10
0, 1, 0, 2.15334463E8, 3.4097737E8, 20, 10, 10
1, 0, 0, 2.57917592E8, 4.15803521E8, 29, 15, 14
0, 1, 0, 2.98913826E8, 4.84872605E8, 34, 17, 17
0, 1, 0, 2.71804752E8, 4.89269081E8, 34, 17, 17
0, 1, 0, 1.83686698E8, 2.90424876E8, 18, 9, 9
0, 1, 0, 3.47886839E8, 6.08533612E8, 42, 21, 21
0, 1, 0, 2.20076025E8, 3.64418313E8, 22, 11, 11
0, 1, 0, 2.4513158E8, 4.56414307E8, 26, 13, 13
0, 1, 0, 2.17700086E8, 3.59233046E8, 24, 12, 12
0, 1, 0, 1.80288691E8, 2.77019026E8, 16, 8, 8
0, 1, 0, 2.14926304E8, 3.41999265E8, 20, 10, 10
0, 1, 0, 2.18539385E8, 3.7795767E8, 24, 12, 12
0, 1, 0, 2.38649714E8, 3.91368415E8, 24, 12, 12
0, 1, 0, 1.55476222E8, 2.44572616E8, 16, 8, 8
0, 1, 0, 2.64130174E8, 4.43061154E8, 26, 13, 13
0, 1, 0, 2.19171105E8, 3.77025129E8, 24, 12, 12
0, 1, 0, 2.51924699E8, 4.45680032E8, 26, 13, 13
0, 1, 0, 1.81836579E8, 2.70187703E8, 18, 9, 9
0, 1, 0, 3.4033088E8, 5.93632358E8, 42, 21, 21
0, 1, 0, 2.2273049E8, 3.46240329E8, 22, 11, 11
0, 1, 0, 2.27570037E8, 3.62164983E8, 24, 12, 12
0, 1, 0, 1.58727122E8, 2.43117975E8, 14, 7, 7
0, 1, 0, 3.37285752E8, 5.73657306E8, 42, 21, 21
0, 1, 0, 2.44260127E8, 3.9884881E8, 28, 14, 14
0, 1, 0, 1.84848498E8, 2.92703182E8, 18, 9, 9
0, 1, 0, 2.37115009E8, 4.33064985E8, 26, 13, 13
0, 1, 0, 2.20178677E8, 3.60571565E8, 20, 10, 10
0, 1, 0, 2.70554499E8, 4.54325085E8, 30, 15, 15
0, 1, 0, 1.99866463E8, 2.98520848E8, 18, 9, 9
0, 1, 0, 1.65169201E8, 2.50432496E8, 16, 8, 8
0, 1, 0, 1.56748529E8, 2.62015999E8, 16, 8, 8
0, 1, 0, 1.90820178E8, 3.08698577E8, 18, 9, 9
0, 1, 0, 1.84640927E8, 2.95853359E8, 18, 9, 9
1, 0, 0, 3.32112581E8, 5.45699892E8, 39, 20, 19
0, 1, 0, 2.3136611E8, 3.82097818E8, 26, 13, 13
1, 0, 0, 2.97612616E8, 5.45178125E8, 39, 20, 19
0, 1, 0, 1.54380784E8, 2.42889363E8, 14, 7, 7
1, 0, 0, 3.25045919E8, 5.26192968E8, 35, 18, 17
0, 1, 0, 1.91001824E8, 3.00308458E8, 18, 9, 9
1, 0, 0, 1.97750668E8, 2.7934812E8, 19, 10, 9
0, 1, 0, 2.67655515E8, 4.31463115E8, 28, 14, 14
0, 1, 0, 2.09620033E8, 3.3018005E8, 20, 10, 10
1, 0, 0, 3.10888568E8, 5.33844149E8, 39, 20, 19
1, 0, 0, 2.64748212E8, 4.61866109E8, 33, 17, 16
0, 1, 0, 3.15894838E8, 5.57642949E8, 36, 18, 18
0, 1, 0, 1.59666835E8, 2.43700386E8, 16, 8, 8
0, 1, 0, 2.2311049E8, 3.91940615E8, 24, 12, 12
0, 1, 0, 2.48414591E8, 4.0864282E8, 24, 12, 12
0, 1, 0, 2.31935164E8, 3.75125299E8, 24, 12, 12
0, 1, 0, 2.63416123E8, 4.75438332E8, 30, 15, 15
0, 1, 0, 2.74277567E8, 4.40605739E8, 26, 13, 13
0, 0, 1, 3.67143278E8, 6.10103594E8, 42, 21, 21
1, 0, 0, 2.86730192E8, 4.87246875E8, 35, 18, 17
0, 1, 0, 1.7763303E8, 2.63562878E8, 18, 9, 9
1, 0, 0, 2.87112152E8, 4.85533678E8, 39, 20, 19
0, 1, 0, 2.24411077E8, 3.48280034E8, 22, 11, 11
0, 1, 0, 1.94225796E8, 3.14376033E8, 20, 10, 10
0, 1, 0, 1.95376783E8, 3.16797363E8, 18, 9, 9
0, 1, 0, 2.45370687E8, 4.55830725E8, 28, 14, 14
0, 1, 0, 2.71465461E8, 4.80261944E8, 38, 19, 19
0, 1, 0, 2.58678947E8, 4.57369279E8, 34, 17, 17
0, 1, 0, 2.6095335E8, 4.38258075E8, 26, 13, 13
0, 1, 0, 2.71751591E8, 4.37774453E8, 24, 12, 12
0, 1, 0, 2.35050287E8, 4.11537852E8, 24, 12, 12
1, 0, 0, 3.02161214E8, 5.47109394E8, 39, 20, 19
0, 1, 0, 2.75890229E8, 5.24127327E8, 36, 18, 18
1, 0, 0, 3.02269396E8, 5.32845943E8, 39, 20, 19
0, 1, 0, 1.53043864E8, 2.40052421E8, 14, 7, 7
0, 1, 0, 3.07755073E8, 5.43072942E8, 32, 16, 16
0, 1, 0, 1.52641305E8, 2.33772734E8, 14, 7, 7
0, 1, 0, 1.63521109E8, 2.76692247E8, 18, 9, 9
0, 1, 0, 1.98991504E8, 3.34241648E8, 20, 10, 10
0, 1, 0, 2.41735555E8, 4.04981347E8, 24, 12, 12
1, 0, 0, 2.7975774E8, 4.8056756E8, 35, 18, 17
0, 1, 0, 1.67591528E8, 2.49963468E8, 16, 8, 8
1, 0, 0, 2.76932155E8, 4.77659261E8, 39, 20, 19
0, 1, 0, 2.77570728E8, 4.81232167E8, 28, 14, 14
0, 1, 0, 2.01126201E8, 3.22135106E8, 18, 9, 9
0, 1, 0, 3.10707951E8, 5.44966169E8, 38, 19, 19
0, 1, 0, 2.62356235E8, 5.03701935E8, 32, 16, 16
0, 1, 0, 2.52595468E8, 4.53696476E8, 34, 17, 17
0, 1, 0, 2.59750908E8, 4.63193589E8, 26, 13, 13
0, 1, 0, 3.26931376E8, 5.67568435E8, 40, 20, 20
0, 1, 0, 3.1200178E8, 5.32393983E8, 36, 18, 18
0, 1, 0, 2.1197125E8, 3.76937017E8, 22, 11, 11
0, 1, 0, 2.57392633E8, 4.52717251E8, 34, 17, 17
0, 1, 0, 2.25852599E8, 3.43123885E8, 20, 10, 10
1, 0, 0, 2.46602392E8, 3.79897524E8, 29, 15, 14
1, 0, 0, 2.79425577E8, 5.08260462E8, 39, 20, 19
0, 1, 0, 2.34297839E8, 3.91700888E8, 22, 11, 11
1, 0, 0, 2.76185668E8, 4.85349456E8, 35, 18, 17
0, 1, 0, 2.5801966E8, 4.48120688E8, 28, 14, 14
0, 1, 0, 1.70805014E8, 2.59672987E8, 16, 8, 8
0, 1, 0, 2.7723339E8, 4.55619971E8, 34, 17, 17
0, 1, 0, 1.81762954E8, 2.98388785E8, 18, 9, 9
0, 1, 0, 3.04380118E8, 5.37294298E8, 34, 17, 17
1, 0, 0, 2.8487363E8, 4.70515783E8, 35, 18, 17
0, 1, 0, 3.23859927E8, 5.47278231E8, 38, 19, 19
0, 1, 0, 2.169497E8, 3.44635066E8, 22, 11, 11
0, 1, 0, 1.95867525E8, 2.98430127E8, 18, 9, 9
0, 1, 0, 3.22526862E8, 5.43348122E8, 40, 20, 20
0, 1, 0, 1.80750477E8, 3.01823496E8, 20, 10, 10
0, 1, 0, 2.65365414E8, 4.3297329E8, 36, 18, 18
0, 1, 0, 2.60573142E8, 4.63584574E8, 34, 17, 17
0, 1, 0, 2.11171378E8, 3.48394265E8, 22, 11, 11
0, 1, 0, 2.22178614E8, 3.54899489E8, 22, 11, 11
0, 1, 0, 2.64158029E8, 4.71995754E8, 28, 14, 14
1, 0, 0, 3.24743034E8, 5.21645045E8, 39, 20, 19
0, 1, 0, 1.98299823E8, 3.30798683E8, 20, 10, 10
1, 0, 0, 3.14917376E8, 5.42361376E8, 39, 20, 19
0, 1, 0, 1.85069823E8, 2.89391517E8, 18, 9, 9
0, 1, 0, 2.71048176E8, 5.01584147E8, 30, 15, 15
0, 1, 0, 2.55252827E8, 4.7764956E8, 34, 17, 17
0, 1, 0, 1.65949038E8, 2.73452543E8, 18, 9, 9
0, 1, 0, 2.83426981E8, 5.10277384E8, 40, 20, 20
1, 0, 0, 2.12002458E8, 3.37378037E8, 23, 12, 11
0, 1, 0, 2.0648024E8, 3.31537447E8, 20, 10, 10
0, 1, 0, 1.6720347E8, 2.41226478E8, 16, 8, 8
1, 0, 0, 1.73001753E8, 2.58757161E8, 17, 9, 8
1, 0, 0, 3.01396935E8, 5.15326803E8, 35, 18, 17
0, 1, 0, 3.26377469E8, 5.33203907E8, 40, 20, 20
0, 1, 0, 2.41605261E8, 3.64802119E8, 24, 12, 12
0, 1, 0, 1.88248261E8, 3.08433199E8, 18, 9, 9
0, 1, 0, 2.02723283E8, 3.20714415E8, 20, 10, 10
1, 0, 0, 2.93651473E8, 5.20430744E8, 39, 20, 19
0, 1, 0, 2.76359949E8, 4.71178978E8, 36, 18, 18
0, 1, 0, 1.99791297E8, 3.52798909E8, 20, 10, 10
1, 0, 0, 1.7071898E8, 2.56590789E8, 17, 9, 8
0, 1, 0, 2.21332563E8, 3.82873862E8, 24, 12, 12
0, 1, 0, 2.59722494E8, 4.62712869E8, 34, 17, 17
0, 1, 0, 2.76683803E8, 4.69643456E8, 36, 18, 18
0, 1, 0, 3.21115558E8, 5.81525455E8, 42, 21, 21
1, 0, 0, 2.88941411E8, 5.53711805E8, 41, 21, 20
0, 1, 0, 2.1178082E8, 3.17962559E8, 20, 10, 10
0, 1, 0, 3.32462052E8, 5.55253225E8, 34, 17, 17
0, 1, 0, 2.94742776E8, 5.11376534E8, 40, 20, 20
0, 1, 0, 1.556743E8, 2.35523661E8, 14, 7, 7
0, 1, 0, 2.26362157E8, 3.65986631E8, 24, 12, 12
0, 1, 0, 2.64904208E8, 4.78640533E8, 36, 18, 18
0, 1, 0, 2.62870165E8, 4.75630562E8, 34, 17, 17
0, 0, 1, 3.36380182E8, 6.11568191E8, 42, 21, 21
0, 1, 0, 2.18354492E8, 3.5937547E8, 22, 11, 11
0, 1, 0, 2.88041263E8, 4.73743493E8, 28, 14, 14
0, 1, 0, 3.32607155E8, 6.06011448E8, 40, 20, 20
0, 1, 0, 2.59535872E8, 4.46083175E8, 28, 14, 14
0, 1, 0, 2.61968496E8, 4.34621902E8, 28, 14, 14
0, 1, 0, 2.24757274E8, 3.69883631E8, 22, 11, 11
0, 1, 0, 1.69493053E8, 2.50902407E8, 16, 8, 8
1, 0, 0, 3.05318514E8, 4.83350853E8, 35, 18, 17
0, 1, 0, 2.51410563E8, 4.12844187E8, 30, 15, 15
0, 1, 0, 1.89986759E8, 3.07695712E8, 18, 9, 9
0, 1, 0, 1.97649031E8, 3.46565389E8, 20, 10, 10
0, 1, 0, 2.25164995E8, 3.88388672E8, 24, 12, 12
0, 1, 0, 1.83969155E8, 2.91370064E8, 18, 9, 9
0, 1, 0, 1.84248689E8, 3.06989218E8, 18, 9, 9
0, 1, 0, 2.53528897E8, 4.29065493E8, 28, 14, 14
0, 1, 0, 2.71418369E8, 4.71237958E8, 28, 14, 14
0, 1, 0, 1.84761646E8, 3.12863899E8, 18, 9, 9
0, 1, 0, 1.85460092E8, 2.90987854E8, 18, 9, 9
0, 1, 0, 3.2421389E8, 5.51892807E8, 36, 18, 18
0, 1, 0, 2.61240601E8, 4.97600704E8, 32, 16, 16
0, 1, 0, 1.79045448E8, 2.80787187E8, 18, 9, 9
0, 1, 0, 1.91276122E8, 3.45136119E8, 20, 10, 10
0, 1, 0, 2.61231863E8, 4.53571957E8, 28, 14, 14
1, 0, 0, 2.78541225E8, 4.6617023E8, 35, 18, 17
0, 1, 0, 3.44182392E8, 5.54901975E8, 36, 18, 18
0, 1, 0, 3.20044776E8, 5.7036343E8, 42, 21, 21
0, 1, 0, 2.64562668E8, 4.74008942E8, 34, 17, 17
0, 1, 0, 2.23887235E8, 3.81173955E8, 22, 11, 11
0, 1, 0, 2.11149648E8, 3.26783259E8, 22, 11, 11
0, 1, 0, 2.57103393E8, 4.38977895E8, 26, 13, 13
0, 1, 0, 2.8055532E8, 4.96732656E8, 28, 14, 14
0, 1, 0, 2.81248174E8, 4.77897997E8, 34, 17, 17
1, 0, 0, 2.82851783E8, 5.20946378E8, 39, 20, 19
0, 1, 0, 2.04541902E8, 3.25460296E8, 20, 10, 10
1, 0, 0, 3.4149274E8, 5.68681447E8, 41, 21, 20
0, 1, 0, 1.73663965E8, 2.71056665E8, 18, 9, 9
1, 0, 0, 2.83461279E8, 4.66907933E8, 35, 18, 17
0, 1, 0, 2.0140005E8, 3.15709198E8, 18, 9, 9
0, 1, 0, 3.09893288E8, 5.73695488E8, 36, 18, 18
0, 1, 0, 2.42718263E8, 4.16120707E8, 28, 14, 14
0, 1, 0, 3.08365782E8, 5.00466936E8, 38, 19, 19
0, 1, 0, 1.95453238E8, 3.17333825E8, 20, 10, 10
0, 1, 0, 2.05172222E8, 3.07080551E8, 18, 9, 9
0, 1, 0, 2.07936884E8, 3.52825919E8, 20, 10, 10
0, 1, 0, 2.20860698E8, 2.89643711E8, 18, 9, 9
0, 1, 0, 2.54722441E8, 4.1067158E8, 24, 12, 12
0, 1, 0, 2.92046112E8, 4.85135533E8, 36, 18, 18
0, 1, 0, 3.32210681E8, 5.56504114E8, 36, 18, 18
0, 1, 0, 2.41611651E8, 4.03983174E8, 26, 13, 13
0, 1, 0, 2.86551757E8, 4.81387537E8, 30, 15, 15
0, 1, 0, 1.52130582E8, 2.40261085E8, 14, 7, 7
1, 0, 0, 2.64053511E8, 4.56544295E8, 35, 18, 17
0, 1, 0, 2.47537491E8, 4.72081615E8, 34, 17, 17
1, 0, 0, 3.01035424E8, 5.11709188E8, 39, 20, 19
1, 0, 0, 2.9787432E8, 4.99532021E8, 39, 20, 19
0, 1, 0, 1.9008296E8, 3.10830498E8, 18, 9, 9
0, 1, 0, 2.37199016E8, 4.12207053E8, 26, 13, 13
0, 1, 0, 2.13983164E8, 3.45913225E8, 22, 11, 11
1, 0, 0, 2.77323309E8, 4.67917814E8, 35, 18, 17
1, 0, 0, 2.96756449E8, 5.29041462E8, 39, 20, 19
0, 1, 0, 2.48983732E8, 4.13982145E8, 26, 13, 13
0, 1, 0, 2.49818855E8, 4.70395261E8, 28, 14, 14
0, 1, 0, 3.43429098E8, 5.83619431E8, 38, 19, 19
0, 1, 0, 2.55624545E8, 4.8847765E8, 30, 15, 15
1, 0, 0, 2.93936356E8, 5.40791839E8, 39, 20, 19
1, 0, 0, 2.10205709E8, 3.14422469E8, 23, 12, 11
0, 1, 0, 1.82607336E8, 2.83149316E8, 18, 9, 9
1, 0, 0, 2.76887805E8, 4.91029172E8, 39, 20, 19
0, 1, 0, 2.95611524E8, 4.71077977E8, 30, 15, 15
0, 1, 0, 1.9731761E8, 3.12518316E8, 20, 10, 10
0, 1, 0, 2.32699513E8, 3.87557934E8, 24, 12, 12
0, 1, 0, 2.19691043E8, 3.76430689E8, 22, 11, 11
0, 1, 0, 2.00404305E8, 3.0870012E8, 18, 9, 9
1, 0, 0, 1.74929716E8, 2.52028581E8, 17, 9, 8
1, 0, 0, 3.18026477E8, 5.26134529E8, 35, 18, 17
0, 1, 0, 1.82053846E8, 3.06100738E8, 18, 9, 9
0, 1, 0, 1.91203346E8, 2.97234261E8, 18, 9, 9
0, 1, 0, 3.0303231E8, 5.3452375E8, 40, 20, 20
1, 0, 0, 3.11496682E8, 5.34751146E8, 41, 21, 20
0, 1, 0, 3.06944591E8, 5.23365469E8, 38, 19, 19
0, 1, 0, 2.92494873E8, 4.9806335E8, 38, 19, 19
1, 0, 0, 2.63875007E8, 4.52435517E8, 31, 16, 15
0, 1, 0, 2.49065736E8, 4.33736048E8, 34, 17, 17
1, 0, 0, 3.30046577E8, 5.30569699E8, 39, 20, 19
0, 1, 0, 1.52251692E8, 2.30703772E8, 14, 7, 7
0, 1, 0, 3.02028792E8, 5.32458881E8, 36, 18, 18
0, 1, 0, 2.4832444E8, 4.34846901E8, 26, 13, 13
0, 1, 0, 2.41689788E8, 4.03678154E8, 26, 13, 13
0, 1, 0, 2.37366199E8, 3.97929036E8, 32, 16, 16
0, 1, 0, 2.8271801E8, 4.77399726E8, 36, 18, 18
1, 0, 0, 2.1621904E8, 3.03413714E8, 23, 12, 11
0, 1, 0, 3.03252256E8, 5.54915648E8, 36, 18, 18
0, 1, 0, 2.38919583E8, 3.82103354E8, 22, 11, 11
0, 1, 0, 3.36554906E8, 5.37981515E8, 36, 18, 18
1, 0, 0, 2.58955838E8, 4.39539381E8, 35, 18, 17
0, 1, 0, 3.76660907E8, 6.06317052E8, 40, 20, 20
0, 1, 0, 1.94283467E8, 3.01998004E8, 20, 10, 10
0, 1, 0, 2.07055255E8, 3.40910889E8, 20, 10, 10
0, 1, 0, 2.29424507E8, 3.81360996E8, 24, 12, 12
0, 1, 0, 1.71643425E8, 2.64176975E8, 16, 8, 8
0, 1, 0, 1.78317018E8, 2.68014665E8, 18, 9, 9
0, 1, 0, 2.82186142E8, 5.28092285E8, 36, 18, 18
0, 1, 0, 1.91616947E8, 3.08869509E8, 18, 9, 9
0, 1, 0, 3.15565211E8, 5.4433543E8, 40, 20, 20
1, 0, 0, 2.60680111E8, 4.19103887E8, 29, 15, 14
1, 0, 0, 2.93257162E8, 4.92118365E8, 35, 18, 17
0, 1, 0, 1.75688056E8, 2.59544569E8, 18, 9, 9
0, 1, 0, 2.33155595E8, 3.92908549E8, 24, 12, 12
0, 1, 0, 2.85716845E8, 5.16973079E8, 32, 16, 16
1, 0, 0, 1.90396251E8, 3.31344955E8, 21, 11, 10
0, 1, 0, 2.87615096E8, 4.73170926E8, 36, 18, 18
0, 1, 0, 2.99990841E8, 5.30702777E8, 38, 19, 19
1, 0, 0, 3.21567064E8, 5.31055449E8, 39, 20, 19
0, 1, 0, 2.8798272E8, 4.95976181E8, 36, 18, 18
0, 1, 0, 2.1434636E8, 3.51208669E8, 22, 11, 11
0, 1, 0, 3.27551778E8, 6.04479705E8, 42, 21, 21
0, 1, 0, 3.27487618E8, 5.64987339E8, 40, 20, 20
0, 1, 0, 3.13560261E8, 5.22258676E8, 30, 15, 15
0, 1, 0, 2.05433918E8, 3.55282592E8, 22, 11, 11
0, 1, 0, 2.33675507E8, 3.89644667E8, 26, 13, 13
0, 1, 0, 2.26646089E8, 3.97523463E8, 24, 12, 12
0, 1, 0, 1.98060393E8, 3.17462545E8, 18, 9, 9
1, 0, 0, 3.34193136E8, 5.52355121E8, 39, 20, 19
1, 0, 0, 2.83616684E8, 5.11769413E8, 35, 18, 17
0, 1, 0, 2.57921453E8, 4.80596457E8, 34, 17, 17
1, 0, 0, 3.1699037E8, 5.88641015E8, 41, 21, 20
0, 1, 0, 2.38363714E8, 4.49186057E8, 26, 13, 13
0, 1, 0, 2.47157817E8, 4.11012018E8, 26, 13, 13
0, 1, 0, 1.73428934E8, 2.6127321E8, 16, 8, 8
0, 1, 0, 2.5148843E8, 4.17289376E8, 26, 13, 13
0, 1, 0, 2.8800891E8, 4.95818334E8, 38, 19, 19
0, 1, 0, 2.09329039E8, 3.27300264E8, 20, 10, 10
0, 0, 1, 3.52283217E8, 6.09445353E8, 42, 21, 21
0, 1, 0, 2.15423795E8, 3.4066676E8, 22, 11, 11
0, 1, 0, 2.56709184E8, 4.29945659E8, 26, 13, 13
0, 1, 0, 2.16344669E8, 3.6896749E8, 22, 11, 11
0, 1, 0, 2.17677244E8, 3.79390025E8, 22, 11, 11
0, 1, 0, 2.34038996E8, 4.37506556E8, 26, 13, 13
0, 1, 0, 2.67421095E8, 4.77544172E8, 38, 19, 19
0, 1, 0, 3.2795723E8, 5.93777325E8, 38, 19, 19
1, 0, 0, 2.64998031E8, 4.47392086E8, 31, 16, 15
0, 1, 0, 2.93018555E8, 5.36360971E8, 38, 19, 19
0, 1, 0, 3.5566897E8, 5.33322402E8, 40, 20, 20
0, 1, 0, 2.04128508E8, 3.20677547E8, 20, 10, 10
0, 1, 0, 2.38046221E8, 4.21962063E8, 28, 14, 14
0, 1, 0, 2.18168087E8, 3.61247878E8, 22, 11, 11
0, 1, 0, 2.84565225E8, 5.12637084E8, 32, 16, 16
0, 1, 0, 1.89037668E8, 3.11185274E8, 20, 10, 10
0, 1, 0, 1.91946889E8, 2.94491028E8, 18, 9, 9
0, 1, 0, 2.60837088E8, 4.41166741E8, 26, 13, 13
1, 0, 0, 2.97466876E8, 4.94507129E8, 35, 18, 17
0, 1, 0, 3.38584997E8, 6.14689227E8, 38, 19, 19
0, 1, 0, 1.99181386E8, 3.53285516E8, 20, 10, 10
1, 0, 0, 2.32206964E8, 3.57215404E8, 23, 12, 11
0, 1, 0, 2.01074887E8, 3.57857844E8, 20, 10, 10
0, 1, 0, 1.78509509E8, 2.88698998E8, 18, 9, 9
0, 1, 0, 1.77406601E8, 2.93031246E8, 16, 8, 8
1, 0, 0, 3.16650588E8, 5.46601626E8, 41, 21, 20
0, 1, 0, 1.76435514E8, 3.14250133E8, 18, 9, 9
0, 1, 0, 1.88290007E8, 2.97270877E8, 18, 9, 9
0, 1, 0, 3.82411796E8, 6.22499185E8, 40, 20, 20
0, 1, 0, 2.86123764E8, 4.75480182E8, 28, 14, 14
0, 1, 0, 2.52758711E8, 4.45957584E8, 28, 14, 14
1, 0, 0, 3.3031424E8, 5.52466324E8, 39, 20, 19
0, 1, 0, 1.89317895E8, 3.08712773E8, 18, 9, 9
0, 1, 0, 2.44188538E8, 3.91307022E8, 24, 12, 12
0, 1, 0, 2.6131576E8, 4.79644417E8, 30, 15, 15
0, 1, 0, 2.95116992E8, 5.26625043E8, 38, 19, 19
0, 1, 0, 3.0044139E8, 5.05113022E8, 34, 17, 17
0, 1, 0, 2.81587904E8, 5.08062849E8, 36, 18, 18
0, 1, 0, 3.04510552E8, 5.06368183E8, 38, 19, 19
0, 1, 0, 3.07747192E8, 5.76559539E8, 42, 21, 21
0, 1, 0, 1.89186894E8, 3.03258506E8, 18, 9, 9
0, 1, 0, 2.07219859E8, 3.4528767E8, 20, 10, 10
1, 0, 0, 2.90530252E8, 5.24244814E8, 39, 20, 19
0, 1, 0, 2.19486411E8, 3.68989799E8, 24, 12, 12
0, 1, 0, 2.75413871E8, 4.83993148E8, 28, 14, 14
0, 1, 0, 2.07127452E8, 3.34396516E8, 20, 10, 10
0, 1, 0, 1.7745878E8, 2.63610675E8, 18, 9, 9
0, 1, 0, 3.06310536E8, 5.37793284E8, 38, 19, 19
0, 1, 0, 2.59819473E8, 4.71047467E8, 34, 17, 17
0, 1, 0, 2.96686034E8, 5.25971877E8, 40, 20, 20
0, 1, 0, 2.1097146E8, 3.50700845E8, 20, 10, 10
1, 0, 0, 3.08322419E8, 5.4879239E8, 39, 20, 19
0, 1, 0, 2.24537908E8, 3.5989933E8, 22, 11, 11
0, 1, 0, 2.0866748E8, 3.27459539E8, 20, 10, 10
0, 1, 0, 2.73674422E8, 4.8775991E8, 28, 14, 14
0, 1, 0, 2.95803993E8, 5.00230816E8, 34, 17, 17
0, 1, 0, 2.320099E8, 4.26493113E8, 24, 12, 12
0, 1, 0, 2.60345641E8, 4.57624676E8, 34, 17, 17
0, 1, 0, 1.27287618E8, 2.09514066E8, 12, 6, 6
0, 1, 0, 2.57431301E8, 4.51801997E8, 34, 17, 17
0, 1, 0, 2.16472017E8, 3.84078224E8, 22, 11, 11
1, 0, 0, 2.18785359E8, 3.2598677E8, 23, 12, 11
0, 1, 0, 2.65830501E8, 4.60211591E8, 34, 17, 17
0, 1, 0, 2.12511066E8, 3.39575127E8, 20, 10, 10
0, 1, 0, 2.83883769E8, 5.10827848E8, 30, 15, 15
0, 1, 0, 2.11920699E8, 3.37804063E8, 22, 11, 11
1, 0, 0, 2.84663885E8, 5.04382912E8, 39, 20, 19
1, 0, 0, 2.91866394E8, 4.97958675E8, 35, 18, 17
0, 1, 0, 2.17433283E8, 3.54720997E8, 20, 10, 10
0, 1, 0, 2.88292182E8, 5.26037596E8, 30, 15, 15
0, 1, 0, 2.45824094E8, 4.67817469E8, 34, 17, 17
0, 1, 0, 1.86234862E8, 2.99830326E8, 18, 9, 9
0, 1, 0, 1.69117348E8, 2.52593905E8, 16, 8, 8
0, 1, 0, 2.62142038E8, 4.4479978E8, 34, 17, 17
0, 1, 0, 1.99719714E8, 3.22716496E8, 18, 9, 9
1, 0, 0, 2.81456297E8, 4.62242083E8, 39, 20, 19
0, 1, 0, 1.91018165E8, 3.06684876E8, 20, 10, 10
0, 1, 0, 1.85388518E8, 2.97801231E8, 18, 9, 9
0, 1, 0, 1.82017479E8, 2.99272275E8, 18, 9, 9
1, 0, 0, 2.85629088E8, 4.96083743E8, 35, 18, 17
0, 1, 0, 2.13628685E8, 3.49647584E8, 22, 11, 11
0, 1, 0, 2.43845658E8, 4.33823871E8, 26, 13, 13
0, 1, 0, 3.2074409E8, 5.98268637E8, 42, 21, 21
0, 1, 0, 2.41331835E8, 4.56963337E8, 28, 14, 14
0, 1, 0, 2.88278485E8, 4.74388378E8, 38, 19, 19
0, 1, 0, 3.51936626E8, 5.79308949E8, 40, 20, 20
0, 1, 0, 2.94228081E8, 5.10563019E8, 32, 16, 16
0, 1, 0, 1.86282138E8, 2.92661983E8, 18, 9, 9
0, 1, 0, 2.1710006E8, 3.37000023E8, 20, 10, 10
0, 1, 0, 2.08275766E8, 3.35409466E8, 20, 10, 10
0, 1, 0, 2.36205885E8, 3.82116591E8, 24, 12, 12
0, 1, 0, 2.12094778E8, 3.53391342E8, 24, 12, 12
0, 1, 0, 2.0706256E8, 3.84464933E8, 22, 11, 11
1, 0, 0, 3.11207455E8, 5.06304307E8, 35, 18, 17
0, 1, 0, 3.51747059E8, 5.93443474E8, 42, 21, 21
0, 1, 0, 2.26176447E8, 3.55910865E8, 22, 11, 11
0, 1, 0, 3.04089818E8, 5.30803907E8, 36, 18, 18
0, 1, 0, 1.7160693E8, 2.61321418E8, 16, 8, 8
0, 1, 0, 1.56140177E8, 2.39485859E8, 14, 7, 7
0, 1, 0, 1.85469446E8, 2.92701925E8, 18, 9, 9
1, 0, 0, 2.75038011E8, 4.82250782E8, 39, 20, 19
0, 1, 0, 1.92753188E8, 2.92531004E8, 18, 9, 9
0, 1, 0, 2.06345924E8, 3.44660265E8, 20, 10, 10
1, 0, 0, 3.08432722E8, 5.59089977E8, 39, 20, 19
0, 1, 0, 1.505052E8, 2.11880656E8, 14, 7, 7
1, 0, 0, 1.79605323E8, 2.7420517E8, 19, 10, 9
1, 0, 0, 3.1068065E8, 5.50697783E8, 39, 20, 19
0, 1, 0, 1.84988663E8, 2.77573216E8, 18, 9, 9
0, 1, 0, 2.96413083E8, 5.38233245E8, 38, 19, 19
0, 1, 0, 2.94866055E8, 4.98421612E8, 36, 18, 18
0, 1, 0, 2.69893585E8, 4.77829598E8, 30, 15, 15
1, 0, 0, 3.47099996E8, 6.04083261E8, 41, 21, 20
0, 1, 0, 1.67878399E8, 2.67989427E8, 18, 9, 9
0, 1, 0, 1.74016311E8, 2.74092511E8, 16, 8, 8
1, 0, 0, 2.96594025E8, 4.95375944E8, 31, 16, 15
0, 1, 0, 1.9882115E8, 2.99965176E8, 18, 9, 9
0, 1, 0, 1.86791948E8, 2.88685429E8, 18, 9, 9
0, 1, 0, 3.09111688E8, 5.4885407E8, 38, 19, 19
0, 1, 0, 2.12884967E8, 3.46462173E8, 20, 10, 10
0, 1, 0, 2.96677644E8, 5.23030285E8, 32, 16, 16
0, 1, 0, 1.87983536E8, 2.95068072E8, 18, 9, 9
0, 1, 0, 2.79177574E8, 4.49493766E8, 30, 15, 15
0, 1, 0, 1.83290638E8, 2.75500709E8, 18, 9, 9
0, 1, 0, 2.78503175E8, 5.41348615E8, 32, 16, 16
0, 1, 0, 1.57837399E8, 2.37486009E8, 14, 7, 7
1, 0, 0, 2.80618929E8, 5.0686457E8, 39, 20, 19
0, 1, 0, 2.74024264E8, 4.72151961E8, 28, 14, 14
0, 1, 0, 3.40987206E8, 5.74886935E8, 40, 20, 20
1, 0, 0, 2.92491592E8, 5.14719241E8, 39, 20, 19
0, 1, 0, 2.67402604E8, 4.95646085E8, 36, 18, 18
1, 0, 0, 3.24371851E8, 5.55798763E8, 39, 20, 19
0, 1, 0, 1.83077977E8, 2.93337388E8, 18, 9, 9
0, 1, 0, 3.03503599E8, 5.61900432E8, 34, 17, 17
0, 1, 0, 2.73761074E8, 4.76776518E8, 28, 14, 14
0, 1, 0, 1.68507376E8, 2.61571931E8, 16, 8, 8
0, 1, 0, 1.89365505E8, 2.9854789E8, 18, 9, 9
0, 1, 0, 2.74800748E8, 4.58103453E8, 36, 18, 18
0, 1, 0, 1.86562062E8, 2.94447908E8, 18, 9, 9
0, 1, 0, 3.38060326E8, 5.81312997E8, 42, 21, 21
0, 1, 0, 2.20077995E8, 3.80518391E8, 22, 11, 11
0, 1, 0, 1.87285373E8, 2.93658064E8, 18, 9, 9
0, 1, 0, 2.4928113E8, 4.10188876E8, 28, 14, 14
0, 1, 0, 1.82441801E8, 2.9338802E8, 18, 9, 9
0, 1, 0, 1.88507519E8, 3.01575318E8, 18, 9, 9
0, 1, 0, 2.39794396E8, 4.18951215E8, 28, 14, 14
0, 1, 0, 2.11367639E8, 3.52518873E8, 20, 10, 10
0, 1, 0, 2.24774189E8, 3.92848815E8, 22, 11, 11
0, 1, 0, 2.44033596E8, 4.37191769E8, 34, 17, 17
0, 1, 0, 2.73182899E8, 4.70060264E8, 30, 15, 15
0, 1, 0, 2.09139477E8, 3.47190165E8, 22, 11, 11
0, 1, 0, 2.0859425E8, 3.40836325E8, 20, 10, 10
0, 1, 0, 2.36769475E8, 4.3824782E8, 26, 13, 13
0, 1, 0, 2.69132413E8, 4.57965061E8, 28, 14, 14
0, 1, 0, 2.28817752E8, 3.69710232E8, 22, 11, 11
0, 1, 0, 1.89340102E8, 2.98310469E8, 18, 9, 9
1, 0, 0, 2.85355742E8, 4.7916006E8, 35, 18, 17
0, 1, 0, 2.4775231E8, 4.35229279E8, 32, 16, 16
0, 1, 0, 1.63231369E8, 2.51110758E8, 16, 8, 8
0, 1, 0, 3.11091888E8, 5.24183208E8, 38, 19, 19
0, 1, 0, 2.09899625E8, 3.51982868E8, 22, 11, 11
1, 0, 0, 3.21807865E8, 5.490951E8, 39, 20, 19
0, 1, 0, 3.04902449E8, 5.63681582E8, 34, 17, 17
0, 1, 0, 3.25062997E8, 5.43138008E8, 36, 18, 18
1, 0, 0, 3.31725714E8, 5.53490485E8, 39, 20, 19
1, 0, 0, 3.13582892E8, 5.41808491E8, 39, 20, 19
0, 1, 0, 2.12221541E8, 3.36261189E8, 20, 10, 10
0, 1, 0, 2.06001609E8, 3.28133845E8, 22, 11, 11
1, 0, 0, 2.72278228E8, 4.99105168E8, 39, 20, 19
0, 1, 0, 1.80028735E8, 2.84691087E8, 18, 9, 9
0, 1, 0, 2.28622042E8, 3.63567144E8, 22, 11, 11
0, 1, 0, 2.04155414E8, 3.13393017E8, 20, 10, 10
0, 1, 0, 2.88635823E8, 4.7805461E8, 36, 18, 18
0, 1, 0, 2.00623052E8, 3.12645298E8, 20, 10, 10
0, 1, 0, 1.79409043E8, 3.01075498E8, 18, 9, 9
0, 1, 0, 2.8670436E8, 4.62780582E8, 30, 15, 15
0, 1, 0, 3.22365397E8, 5.49081167E8, 38, 19, 19
0, 1, 0, 2.58453299E8, 4.91884173E8, 34, 17, 17
1, 0, 0, 2.64300846E8, 4.55462845E8, 35, 18, 17
0, 1, 0, 1.79179572E8, 2.83735266E8, 18, 9, 9
0, 1, 0, 2.85078688E8, 5.00033513E8, 30, 15, 15
0, 1, 0, 3.12504352E8, 5.71322706E8, 38, 19, 19
1, 0, 0, 2.72268537E8, 4.89444289E8, 35, 18, 17
0, 1, 0, 2.26875277E8, 3.7456027E8, 24, 12, 12
0, 1, 0, 1.87229977E8, 3.06314513E8, 18, 9, 9
0, 1, 0, 2.53869471E8, 4.48288E8, 32, 16, 16
0, 1, 0, 3.01994627E8, 5.34334915E8, 36, 18, 18
0, 1, 0, 2.12220936E8, 3.82701395E8, 22, 11, 11
0, 1, 0, 3.45647154E8, 5.30214004E8, 36, 18, 18
0, 1, 0, 2.30392104E8, 4.13396235E8, 24, 12, 12
0, 1, 0, 2.59563343E8, 4.54502982E8, 32, 16, 16
0, 1, 0, 2.39065167E8, 3.87337778E8, 24, 12, 12
1, 0, 0, 2.7290352E8, 4.74936993E8, 39, 20, 19
1, 0, 0, 3.72205892E8, 5.85341638E8, 39, 20, 19
0, 1, 0, 3.46540929E8, 5.63581507E8, 38, 19, 19
0, 1, 0, 2.06331921E8, 3.48506741E8, 22, 11, 11
0, 1, 0, 2.987646E8, 4.68149805E8, 30, 15, 15
0, 1, 0, 2.51959444E8, 4.54116978E8, 34, 17, 17
0, 1, 0, 2.55913351E8, 4.93181774E8, 36, 18, 18
0, 1, 0, 1.86290498E8, 2.89478263E8, 18, 9, 9
0, 1, 0, 2.63270136E8, 4.54505411E8, 34, 17, 17
0, 1, 0, 2.50075496E8, 4.29995791E8, 34, 17, 17
0, 1, 0, 3.05132002E8, 5.3156269E8, 38, 19, 19
0, 1, 0, 2.59482047E8, 4.30780426E8, 26, 13, 13
0, 1, 0, 2.26067084E8, 3.63930927E8, 22, 11, 11
0, 1, 0, 3.09641019E8, 5.56779591E8, 36, 18, 18
0, 1, 0, 2.74679078E8, 4.84707577E8, 28, 14, 14
0, 1, 0, 2.56885506E8, 4.49763672E8, 26, 13, 13
0, 1, 0, 2.8523916E8, 4.68932087E8, 34, 17, 17
1, 0, 0, 3.0695282E8, 5.37429763E8, 39, 20, 19
0, 1, 0, 2.12578288E8, 3.39443092E8, 22, 11, 11
0, 1, 0, 3.20496878E8, 5.88198296E8, 40, 20, 20
0, 1, 0, 2.84311903E8, 5.66790752E8, 36, 18, 18
0, 1, 0, 2.08583514E8, 3.14515119E8, 20, 10, 10
0, 1, 0, 2.50066681E8, 4.56307884E8, 34, 17, 17
0, 1, 0, 3.37450301E8, 5.48200622E8, 38, 19, 19
0, 1, 0, 2.9452965E8, 4.75770665E8, 38, 19, 19
0, 1, 0, 2.10480444E8, 3.30042249E8, 20, 10, 10
1, 0, 0, 2.53297731E8, 4.20239886E8, 31, 16, 15
0, 1, 0, 1.59576568E8, 2.40590993E8, 14, 7, 7
0, 1, 0, 2.95349232E8, 5.41532791E8, 42, 21, 21
0, 1, 0, 3.08252468E8, 5.57180204E8, 34, 17, 17
0, 1, 0, 2.83398244E8, 5.51344113E8, 40, 20, 20
1, 0, 0, 2.44991892E8, 3.95891583E8, 25, 13, 12
0, 1, 0, 2.83717179E8, 5.02058191E8, 36, 18, 18
0, 1, 0, 1.51545698E8, 2.37597782E8, 14, 7, 7
0, 1, 0, 1.49187273E8, 2.08273368E8, 14, 7, 7
0, 1, 0, 2.37757409E8, 4.17331322E8, 26, 13, 13
0, 1, 0, 3.04433226E8, 4.99737316E8, 38, 19, 19
0, 1, 0, 3.3545545E8, 5.98389866E8, 42, 21, 21
0, 1, 0, 2.36506149E8, 3.76324859E8, 22, 11, 11
0, 1, 0, 3.41364733E8, 5.51288038E8, 38, 19, 19
0, 1, 0, 2.04225104E8, 3.30570379E8, 22, 11, 11
0, 1, 0, 2.82248849E8, 5.05481952E8, 38, 19, 19
0, 1, 0, 2.16980108E8, 4.25722893E8, 24, 12, 12
1, 0, 0, 2.8674727E8, 4.61929118E8, 29, 15, 14
0, 1, 0, 1.52944906E8, 2.39900624E8, 14, 7, 7
0, 1, 0, 2.58435251E8, 4.35035069E8, 24, 12, 12
0, 0, 1, 3.29826143E8, 6.01006994E8, 42, 21, 21
0, 1, 0, 2.87325204E8, 5.36596626E8, 32, 16, 16
0, 1, 0, 2.01561541E8, 3.20258535E8, 22, 11, 11
0, 1, 0, 2.89869779E8, 4.86735677E8, 36, 18, 18
0, 1, 0, 2.54865313E8, 4.6093148E8, 26, 13, 13
0, 1, 0, 2.71946963E8, 4.84340809E8, 28, 14, 14
0, 1, 0, 1.98138707E8, 3.26061729E8, 18, 9, 9
0, 1, 0, 2.46645656E8, 4.25174763E8, 28, 14, 14
0, 1, 0, 3.55027637E8, 5.73094909E8, 40, 20, 20
0, 1, 0, 1.95067372E8, 3.10852521E8, 18, 9, 9
0, 1, 0, 2.47816189E8, 4.3028901E8, 26, 13, 13
0, 1, 0, 2.64477305E8, 4.44583532E8, 34, 17, 17
0, 1, 0, 1.97333985E8, 3.00962674E8, 18, 9, 9
0, 1, 0, 2.06777531E8, 3.3002935E8, 22, 11, 11
0, 1, 0, 2.15156296E8, 3.37772834E8, 20, 10, 10
0, 1, 0, 3.4285663E8, 6.12160152E8, 40, 20, 20
0, 1, 0, 2.99232534E8, 5.22556654E8, 36, 18, 18
0, 1, 0, 2.79426121E8, 4.96145939E8, 32, 16, 16
0, 1, 0, 3.17748142E8, 5.55729151E8, 38, 19, 19
0, 1, 0, 2.13357592E8, 3.38627449E8, 20, 10, 10
0, 1, 0, 3.0081934E8, 5.45222913E8, 34, 17, 17
0, 1, 0, 2.49021192E8, 4.02322535E8, 24, 12, 12
0, 1, 0, 2.94177443E8, 5.26625545E8, 40, 20, 20
0, 1, 0, 1.70616539E8, 2.63934419E8, 16, 8, 8
0, 1, 0, 2.65592774E8, 4.7546369E8, 34, 17, 17
0, 1, 0, 3.08302291E8, 5.50566947E8, 40, 20, 20
0, 1, 0, 1.87283131E8, 2.93010746E8, 18, 9, 9
1, 0, 0, 2.7788754E8, 4.91532038E8, 39, 20, 19
0, 1, 0, 1.95888101E8, 3.08544329E8, 20, 10, 10
0, 1, 0, 1.96737991E8, 3.32801574E8, 20, 10, 10
0, 1, 0, 2.22875271E8, 3.61915602E8, 22, 11, 11
0, 1, 0, 1.70704276E8, 2.7812494E8, 16, 8, 8
0, 1, 0, 3.05309149E8, 5.53231726E8, 34, 17, 17
0, 1, 0, 1.76188066E8, 2.63247343E8, 18, 9, 9
0, 1, 0, 2.28730726E8, 3.80692337E8, 22, 11, 11
0, 1, 0, 2.12615133E8, 3.3860301E8, 22, 11, 11
0, 1, 0, 2.63514721E8, 4.03203593E8, 30, 15, 15
0, 1, 0, 2.31579493E8, 3.83590413E8, 28, 14, 14
0, 1, 0, 3.1210049E8, 5.71749045E8, 36, 18, 18
0, 1, 0, 2.58471425E8, 4.39301936E8, 28, 14, 14
0, 1, 0, 2.91402012E8, 4.80733725E8, 36, 18, 18
0, 1, 0, 3.20998588E8, 5.69941526E8, 38, 19, 19
0, 0, 1, 3.480277E8, 6.20351476E8, 42, 21, 21
0, 1, 0, 3.36710077E8, 5.87722754E8, 42, 21, 21
0, 1, 0, 2.11685514E8, 3.38879801E8, 20, 10, 10
0, 1, 0, 1.98137464E8, 3.7142561E8, 22, 11, 11
1, 0, 0, 2.83971198E8, 4.46203712E8, 33, 17, 16
0, 1, 0, 3.02317386E8, 5.23368452E8, 36, 18, 18
0, 1, 0, 3.01512615E8, 5.27207012E8, 38, 19, 19
0, 1, 0, 2.12787221E8, 3.38148655E8, 20, 10, 10
0, 1, 0, 1.89545975E8, 2.94897367E8, 18, 9, 9
0, 1, 0, 3.11134341E8, 5.29126837E8, 36, 18, 18
0, 1, 0, 2.80167323E8, 4.67539979E8, 36, 18, 18
0, 1, 0, 2.66227062E8, 4.44053752E8, 26, 13, 13
0, 1, 0, 2.38011232E8, 4.34106355E8, 26, 13, 13
0, 1, 0, 1.58508126E8, 2.50204994E8, 16, 8, 8
0, 1, 0, 2.5539655E8, 4.77679714E8, 34, 17, 17
1, 0, 0, 2.66711078E8, 4.15856595E8, 29, 15, 14
0, 1, 0, 2.07298461E8, 3.15432601E8, 20, 10, 10
0, 1, 0, 3.1068909E8, 5.87298901E8, 36, 18, 18
0, 1, 0, 1.87772431E8, 2.79848212E8, 20, 10, 10
1, 0, 0, 2.54261377E8, 3.88251222E8, 31, 16, 15
0, 1, 0, 2.00266738E8, 3.36481715E8, 20, 10, 10
0, 1, 0, 1.8474306E8, 2.9300843E8, 18, 9, 9
1, 0, 0, 2.55439109E8, 4.31618817E8, 29, 15, 14
0, 1, 0, 1.85987375E8, 2.99333861E8, 18, 9, 9
0, 1, 0, 3.26354315E8, 5.93335804E8, 42, 21, 21
0, 1, 0, 3.23765629E8, 5.45203211E8, 38, 19, 19
1, 0, 0, 3.09808553E8, 5.29420538E8, 39, 20, 19
0, 1, 0, 2.13760971E8, 3.37528409E8, 20, 10, 10
0, 1, 0, 2.31880066E8, 3.93764434E8, 22, 11, 11
1, 0, 0, 2.91630632E8, 4.98040259E8, 35, 18, 17
0, 1, 0, 2.43201672E8, 3.9442869E8, 26, 13, 13
0, 1, 0, 2.42528312E8, 3.84957221E8, 26, 13, 13
0, 1, 0, 2.78507151E8, 4.69146041E8, 30, 15, 15
0, 1, 0, 2.9346937E8, 4.73170961E8, 36, 18, 18
0, 1, 0, 2.57480094E8, 4.61562417E8, 28, 14, 14
0, 1, 0, 3.14645187E8, 5.55557251E8, 40, 20, 20
0, 1, 0, 2.36495886E8, 4.17269707E8, 28, 14, 14
0, 1, 0, 2.35221822E8, 3.94509906E8, 24, 12, 12
0, 1, 0, 2.56613311E8, 4.52697618E8, 34, 17, 17
0, 1, 0, 1.79732415E8, 2.68245429E8, 18, 9, 9
0, 1, 0, 2.14572913E8, 3.40063572E8, 20, 10, 10
1, 0, 0, 2.89362246E8, 4.81086377E8, 35, 18, 17
1, 0, 0, 2.88603627E8, 5.28116619E8, 39, 20, 19
0, 1, 0, 1.95422057E8, 3.0034642E8, 18, 9, 9
1, 0, 0, 2.12893612E8, 3.20677286E8, 25, 13, 12
0, 1, 0, 1.93820298E8, 3.15428775E8, 22, 11, 11
0, 1, 0, 1.94206268E8, 3.18659262E8, 18, 9, 9
0, 1, 0, 2.5237148E8, 4.2643626E8, 34, 17, 17
0, 1, 0, 2.89243754E8, 5.3775111E8, 32, 16, 16
1, 0, 0, 2.80975022E8, 4.81933739E8, 35, 18, 17
1, 0, 0, 3.26515396E8, 5.36236356E8, 39, 20, 19
0, 1, 0, 2.31016357E8, 4.06598541E8, 26, 13, 13
0, 1, 0, 2.49558995E8, 4.43424533E8, 34, 17, 17
0, 1, 0, 1.69653109E8, 2.634277E8, 16, 8, 8
0, 1, 0, 2.77690292E8, 5.19058355E8, 36, 18, 18
0, 1, 0, 2.01191611E8, 2.99772257E8, 20, 10, 10
0, 1, 0, 1.98002994E8, 3.20467752E8, 22, 11, 11
0, 1, 0, 2.49479128E8, 4.25523323E8, 28, 14, 14
0, 1, 0, 2.87279899E8, 5.23199348E8, 32, 16, 16
0, 1, 0, 2.70539877E8, 4.40035973E8, 26, 13, 13
1, 0, 0, 2.81315712E8, 4.82440907E8, 35, 18, 17
0, 1, 0, 1.82984794E8, 2.79198691E8, 18, 9, 9
0, 1, 0, 2.76482399E8, 4.58996589E8, 36, 18, 18
0, 1, 0, 2.48119053E8, 4.45780562E8, 26, 13, 13
0, 1, 0, 2.01933378E8, 3.22959938E8, 20, 10, 10
0, 1, 0, 2.51822507E8, 4.07835769E8, 34, 17, 17
0, 1, 0, 2.63810443E8, 4.39294409E8, 26, 13, 13
0, 1, 0, 2.73397949E8, 4.84807355E8, 28, 14, 14
0, 1, 0, 2.97324866E8, 5.04766255E8, 36, 18, 18
0, 1, 0, 1.78379797E8, 2.33668908E8, 14, 7, 7
0, 1, 0, 2.48210038E8, 3.27249036E8, 18, 9, 9
0, 1, 0, 3.49401203E8, 5.68063562E8, 36, 18, 18
0, 1, 0, 3.12751481E8, 5.17635541E8, 36, 18, 18
1, 0, 0, 3.02114049E8, 4.74334208E8, 39, 20, 19
1, 0, 0, 2.91307662E8, 5.3521136E8, 39, 20, 19
0, 1, 0, 2.57723922E8, 4.20711188E8, 36, 18, 18
0, 1, 0, 3.03738039E8, 5.08010861E8, 36, 18, 18
0, 1, 0, 2.24696869E8, 3.58179684E8, 22, 11, 11
0, 1, 0, 2.78480113E8, 4.72141584E8, 34, 17, 17
0, 1, 0, 1.87510499E8, 2.98922251E8, 18, 9, 9
0, 1, 0, 2.3457504E8, 3.98943988E8, 24, 12, 12
0, 1, 0, 1.87030002E8, 3.17359094E8, 18, 9, 9
1, 0, 0, 3.42157417E8, 5.76147381E8, 41, 21, 20
0, 1, 0, 2.27621423E8, 3.91440247E8, 22, 11, 11
0, 1, 0, 3.46209738E8, 5.50917244E8, 38, 19, 19
0, 1, 0, 2.8518743E8, 4.60046134E8, 34, 17, 17
0, 1, 0, 1.84015805E8, 2.79620243E8, 20, 10, 10
