Number: 0   Fitness:  210  StrategyList 1 [7, 73, 89, 127, 67]
Number: 1   Fitness:  187  StrategyList 1 [28, 11, 84, 43, -37]
Number: 2   Fitness:  158  StrategyList 1 [67, 23, 119, 43, -98]
Number: 3   Fitness:  157  StrategyList 1 [46, 34, -9, 97, 31]
Number: 4   Fitness:  147  StrategyList 1 [-48, -58, 49, 109, 115]
Number: 5   Fitness:  144  StrategyList 1 [-83, -18, -31, 115, 94]
Number: 6   Fitness:  142  StrategyList 1 [-20, -33, 91, 99, 38]
%%%%%%%%%%%%%%%%%%%%%%%   <0>  %%%%%%%%%%%%%%%%%%%%%
Number: 0   Fitness:  216  StrategyList 1 [28, 11, 84, 43, -37]
Number: 1   Fitness:  196  StrategyList 1 [7, 73, 89, 127, 67]
Number: 2   Fitness:  193  StrategyList 1 [28, 11, 84, 43, -37]
Number: 3   Fitness:  191  StrategyList 1 [56, 77, 116, 41, -4]
Number: 4   Fitness:  191  StrategyList 1 [3, 105, 73, 111, -67]
Number: 5   Fitness:  183  StrategyList 1 [14, 42, -1, 99, 95]
Number: 6   Fitness:  181  StrategyList 1 [28, 11, 84, 43, -37]
%%%%%%%%%%%%%%%%%%%%%%%   <1>  %%%%%%%%%%%%%%%%%%%%%
Number: 0   Fitness:  225  StrategyList 1 [7, 73, 89, 127, 67]
Number: 1   Fitness:  221  StrategyList 1 [28, 11, 84, 43, -37]
Number: 2   Fitness:  214  StrategyList 1 [21, 90, 124, 121, -54]
Number: 3   Fitness:  207  StrategyList 1 [28, 11, 84, 43, -37]
Number: 4   Fitness:  207  StrategyList 1 [28, 11, 84, 43, -37]
Number: 5   Fitness:  201  StrategyList 1 [67, 23, 119, 43, -98]
Number: 6   Fitness:  201  StrategyList 1 [3, 105, 73, 111, -67]
%%%%%%%%%%%%%%%%%%%%%%%   <2>  %%%%%%%%%%%%%%%%%%%%%
Number: 0   Fitness:  222  StrategyList 1 [21, 90, 124, 121, -54]
Number: 1   Fitness:  220  StrategyList 1 [11, 107, 75, 79, -65]
Number: 2   Fitness:  219  StrategyList 1 [28, 11, 84, 43, -37]
Number: 3   Fitness:  215  StrategyList 1 [28, 11, 84, 43, -37]
Number: 4   Fitness:  215  StrategyList 1 [21, 90, 124, 121, -54]
Number: 5   Fitness:  206  StrategyList 1 [-105, 81, 60, 73, 44]
Number: 6   Fitness:  204  StrategyList 1 [28, 11, 84, 43, -37]
%%%%%%%%%%%%%%%%%%%%%%%   <3>  %%%%%%%%%%%%%%%%%%%%%
Number: 0   Fitness:  219  StrategyList 1 [19, 105, 104, 121, -2]
Number: 1   Fitness:  213  StrategyList 1 [15, 47, 127, 107, -99]
Number: 2   Fitness:  209  StrategyList 1 [13, 107, 70, 111, -65]
Number: 3   Fitness:  207  StrategyList 1 [-105, 81, 60, 73, 44]
Number: 4   Fitness:  204  StrategyList 1 [-21, 91, 120, 123, -50]
Number: 5   Fitness:  203  StrategyList 1 [28, 11, 84, 43, -37]
Number: 6   Fitness:  202  StrategyList 1 [60, 10, 68, 47, -39]
%%%%%%%%%%%%%%%%%%%%%%%   <4>  %%%%%%%%%%%%%%%%%%%%%
Number: 0   Fitness:  213  StrategyList 1 [19, 105, 104, 121, -2]
Number: 1   Fitness:  213  StrategyList 1 [91, 123, 106, 123, -19]
Number: 2   Fitness:  211  StrategyList 1 [-21, 91, 120, 123, -50]
Number: 3   Fitness:  211  StrategyList 1 [-105, 81, 60, 73, 44]
Number: 4   Fitness:  202  StrategyList 1 [19, 105, 104, 121, -2]
Number: 5   Fitness:  199  StrategyList 1 [17, 9, 92, 59, -37]
Number: 6   Fitness:  198  StrategyList 1 [-105, 81, 60, 73, 44]
%%%%%%%%%%%%%%%%%%%%%%%   <5>  %%%%%%%%%%%%%%%%%%%%%
Number: 0   Fitness:  217  StrategyList 1 [-21, 91, 120, 123, -50]
Number: 1   Fitness:  212  StrategyList 1 [-105, 81, 60, 73, 44]
Number: 2   Fitness:  210  StrategyList 1 [35, 105, 72, 93, 4]
Number: 3   Fitness:  206  StrategyList 1 [91, 123, 106, 123, -19]
Number: 4   Fitness:  203  StrategyList 1 [19, 105, 104, 121, -2]
Number: 5   Fitness:  202  StrategyList 1 [35, 105, 72, 93, 4]
Number: 6   Fitness:  199  StrategyList 1 [-1, 91, 52, 95, -66]
%%%%%%%%%%%%%%%%%%%%%%%   <6>  %%%%%%%%%%%%%%%%%%%%%
Number: 0   Fitness:  221  StrategyList 1 [91, 123, 106, 123, -19]
Number: 1   Fitness:  216  StrategyList 1 [-21, 91, 120, 123, -50]
Number: 2   Fitness:  213  StrategyList 1 [-21, 91, 120, 123, -50]
Number: 3   Fitness:  213  StrategyList 1 [-21, 91, 120, 123, -50]
Number: 4   Fitness:  208  StrategyList 1 [-40, 93, 55, 107, -44]
Number: 5   Fitness:  204  StrategyList 1 [13, 107, 70, 111, -65]
Number: 6   Fitness:  201  StrategyList 1 [93, 107, 76, 91, -67]
%%%%%%%%%%%%%%%%%%%%%%%   <7>  %%%%%%%%%%%%%%%%%%%%%
Number: 0   Fitness:  216  StrategyList 1 [31, 123, 102, 111, -17]
Number: 1   Fitness:  213  StrategyList 1 [91, 123, 106, 123, -19]
Number: 2   Fitness:  211  StrategyList 1 [27, 123, 106, 123, -18]
Number: 3   Fitness:  210  StrategyList 1 [-21, 91, 120, 123, -50]
Number: 4   Fitness:  208  StrategyList 1 [73, 107, 74, 123, -67]
Number: 5   Fitness:  206  StrategyList 1 [-43, 121, 60, 89, 44]
Number: 6   Fitness:  202  StrategyList 1 [-21, 91, 120, 123, -50]
%%%%%%%%%%%%%%%%%%%%%%%   <8>  %%%%%%%%%%%%%%%%%%%%%
Number: 0   Fitness:  226  StrategyList 1 [-23, 123, 120, 123, -51]
Number: 1   Fitness:  220  StrategyList 1 [91, 123, 106, 123, -19]
Number: 2   Fitness:  217  StrategyList 1 [93, 123, 120, 121, -55]
Number: 3   Fitness:  210  StrategyList 1 [-21, 91, 120, 123, -50]
Number: 4   Fitness:  207  StrategyList 1 [34, 97, 72, 111, 25]
Number: 5   Fitness:  204  StrategyList 1 [93, 123, 120, 121, -55]
Number: 6   Fitness:  203  StrategyList 1 [11, 107, 110, 107, -19]
%%%%%%%%%%%%%%%%%%%%%%%   <9>  %%%%%%%%%%%%%%%%%%%%%
Number: 0   Fitness:  212  StrategyList 1 [-21, 91, 120, 123, -50]
Number: 1   Fitness:  212  StrategyList 1 [11, 107, 110, 107, -19]
Number: 2   Fitness:  210  StrategyList 1 [-21, 91, 120, 123, -50]
Number: 3   Fitness:  207  StrategyList 1 [-21, 91, 120, 123, -50]
Number: 4   Fitness:  204  StrategyList 1 [11, 107, 110, 107, -19]
Number: 5   Fitness:  203  StrategyList 1 [73, 107, 74, 123, -67]
Number: 6   Fitness:  202  StrategyList 1 [65, 89, 104, 77, 12]
%%%%%%%%%%%%%%%%%%%%%%%   <10>  %%%%%%%%%%%%%%%%%%%%%
Number: 0   Fitness:  224  StrategyList 1 [-21, 91, 120, 123, -50]
Number: 1   Fitness:  219  StrategyList 1 [-76, 121, 78, 122, -50]
Number: 2   Fitness:  218  StrategyList 1 [11, 107, 110, 107, -19]
Number: 3   Fitness:  215  StrategyList 1 [73, 107, 74, 123, -67]
Number: 4   Fitness:  209  StrategyList 1 [-71, 107, 90, 123, -99]
Number: 5   Fitness:  209  StrategyList 1 [77, 105, 104, 123, 17]
Number: 6   Fitness:  207  StrategyList 1 [11, 107, 110, 107, -19]
%%%%%%%%%%%%%%%%%%%%%%%   <11>  %%%%%%%%%%%%%%%%%%%%%
Number: 0   Fitness:  227  StrategyList 1 [77, 105, 104, 123, 17]
Number: 1   Fitness:  226  StrategyList 1 [11, 107, 110, 107, -19]
Number: 2   Fitness:  211  StrategyList 1 [51, 123, 120, 105, -55]
Number: 3   Fitness:  208  StrategyList 1 [-21, 91, 120, 123, -50]
Number: 4   Fitness:  208  StrategyList 1 [-85, 123, 88, 127, 50]
Number: 5   Fitness:  207  StrategyList 1 [73, 105, 100, 123, 18]
Number: 6   Fitness:  206  StrategyList 1 [75, 126, 44, 127, -26]
%%%%%%%%%%%%%%%%%%%%%%%   <12>  %%%%%%%%%%%%%%%%%%%%%
Number: 0   Fitness:  208  StrategyList 1 [9, 73, 124, 107, -1]
Number: 1   Fitness:  207  StrategyList 1 [93, 111, 106, 111, -18]
Number: 2   Fitness:  206  StrategyList 1 [73, 107, 74, 123, -67]
Number: 3   Fitness:  205  StrategyList 1 [73, 105, 100, 123, 18]
Number: 4   Fitness:  205  StrategyList 1 [11, 107, 110, 107, -19]
Number: 5   Fitness:  204  StrategyList 1 [93, 95, 60, 107, -51]
Number: 6   Fitness:  203  StrategyList 1 [-85, 123, 88, 127, 50]
%%%%%%%%%%%%%%%%%%%%%%%   <13>  %%%%%%%%%%%%%%%%%%%%%
Number: 0   Fitness:  217  StrategyList 1 [-79, 111, 110, 123, 19]
Number: 1   Fitness:  211  StrategyList 1 [11, 107, 110, 107, -19]
Number: 2   Fitness:  211  StrategyList 1 [11, 107, 110, 107, -19]
Number: 3   Fitness:  208  StrategyList 1 [73, 107, 74, 123, -67]
Number: 4   Fitness:  207  StrategyList 1 [-3, 107, 110, 123, -19]
Number: 5   Fitness:  203  StrategyList 1 [93, 95, 60, 107, -51]
Number: 6   Fitness:  202  StrategyList 1 [-85, 123, 88, 127, 50]
%%%%%%%%%%%%%%%%%%%%%%%   <14>  %%%%%%%%%%%%%%%%%%%%%
Number: 0   Fitness:  213  StrategyList 1 [93, 95, 60, 107, -51]
Number: 1   Fitness:  213  StrategyList 1 [89, 99, 106, 127, -3]
Number: 2   Fitness:  212  StrategyList 1 [21, 123, 88, 123, -58]
Number: 3   Fitness:  210  StrategyList 1 [11, 107, 110, 107, -19]
Number: 4   Fitness:  209  StrategyList 1 [-3, 107, 90, 115, -3]
Number: 5   Fitness:  208  StrategyList 1 [73, 105, 100, 123, 18]
Number: 6   Fitness:  202  StrategyList 1 [17, 122, 88, 127, -50]
%%%%%%%%%%%%%%%%%%%%%%%   <15>  %%%%%%%%%%%%%%%%%%%%%
Number: 0   Fitness:  223  StrategyList 1 [73, 105, 100, 123, 18]
Number: 1   Fitness:  215  StrategyList 1 [11, 107, 110, 107, -19]
Number: 2   Fitness:  212  StrategyList 1 [9, 73, 124, 107, -1]
Number: 3   Fitness:  211  StrategyList 1 [43, 111, 110, 105, -51]
Number: 4   Fitness:  207  StrategyList 1 [-3, 107, 126, 123, -3]
Number: 5   Fitness:  205  StrategyList 1 [73, 107, 74, 123, -67]
Number: 6   Fitness:  204  StrategyList 1 [11, 107, 110, 107, -19]
%%%%%%%%%%%%%%%%%%%%%%%   <16>  %%%%%%%%%%%%%%%%%%%%%
Number: 0   Fitness:  216  StrategyList 1 [93, 95, 60, 107, -51]
Number: 1   Fitness:  214  StrategyList 1 [93, 97, 122, 115, -7]
Number: 2   Fitness:  211  StrategyList 1 [20, 107, 120, 91, -50]
Number: 3   Fitness:  209  StrategyList 1 [9, 73, 124, 107, -1]
Number: 4   Fitness:  209  StrategyList 1 [-21, 123, 88, 123, 50]
Number: 5   Fitness:  206  StrategyList 1 [-3, 107, 90, 119, -3]
Number: 6   Fitness:  205  StrategyList 1 [11, 107, 110, 107, -19]
%%%%%%%%%%%%%%%%%%%%%%%   <17>  %%%%%%%%%%%%%%%%%%%%%
Number: 0   Fitness:  218  StrategyList 1 [41, 89, 116, 105, -9]
Number: 1   Fitness:  215  StrategyList 1 [93, 97, 122, 115, -7]
Number: 2   Fitness:  209  StrategyList 1 [-11, 107, 74, 123, -51]
Number: 3   Fitness:  209  StrategyList 1 [9, 75, 108, 107, -17]
Number: 4   Fitness:  208  StrategyList 1 [93, 97, 122, 115, -7]
Number: 5   Fitness:  208  StrategyList 1 [21, 123, 88, 123, -58]
Number: 6   Fitness:  206  StrategyList 1 [9, 73, 124, 107, -1]
%%%%%%%%%%%%%%%%%%%%%%%   <18>  %%%%%%%%%%%%%%%%%%%%%
Number: 0   Fitness:  229  StrategyList 1 [93, 97, 122, 115, -7]
Number: 1   Fitness:  219  StrategyList 1 [9, 75, 108, 107, -17]
Number: 2   Fitness:  219  StrategyList 1 [11, 107, 110, 107, -19]
Number: 3   Fitness:  213  StrategyList 1 [-11, 107, 74, 123, -51]
Number: 4   Fitness:  204  StrategyList 1 [93, 97, 122, 115, -7]
Number: 5   Fitness:  200  StrategyList 1 [-3, 106, 90, 119, -50]
Number: 6   Fitness:  198  StrategyList 1 [-11, 90, 88, 79, -50]
%%%%%%%%%%%%%%%%%%%%%%%   <19>  %%%%%%%%%%%%%%%%%%%%%
Number: 0   Fitness:  232  StrategyList 1 [-11, 90, 88, 79, -50]
Number: 1   Fitness:  222  StrategyList 1 [93, 97, 122, 115, -7]
Number: 2   Fitness:  217  StrategyList 1 [41, 89, 112, 79, -57]
Number: 3   Fitness:  213  StrategyList 1 [85, 45, 60, 115, 17]
Number: 4   Fitness:  213  StrategyList 1 [65, 98, 106, 115, -19]
Number: 5   Fitness:  211  StrategyList 1 [17, 123, 120, 95, -3]
Number: 6   Fitness:  207  StrategyList 1 [11, 107, 110, 107, -19]
%%%%%%%%%%%%%%%%%%%%%%%   <20>  %%%%%%%%%%%%%%%%%%%%%
Number: 0   Fitness:  215  StrategyList 1 [67, 74, 102, 91, -51]
Number: 1   Fitness:  214  StrategyList 1 [11, 107, 110, 107, -19]
Number: 2   Fitness:  213  StrategyList 1 [-11, 73, 102, 123, -9]
Number: 3   Fitness:  212  StrategyList 1 [93, 97, 122, 115, -7]
Number: 4   Fitness:  208  StrategyList 1 [85, 45, 60, 115, 17]
Number: 5   Fitness:  208  StrategyList 1 [65, 98, 106, 115, -19]
Number: 6   Fitness:  202  StrategyList 1 [17, 123, 120, 95, -3]
%%%%%%%%%%%%%%%%%%%%%%%   <21>  %%%%%%%%%%%%%%%%%%%%%
Number: 0   Fitness:  223  StrategyList 1 [65, 98, 106, 115, -19]
Number: 1   Fitness:  214  StrategyList 1 [93, 97, 122, 115, -7]
Number: 2   Fitness:  213  StrategyList 1 [93, 97, 122, 115, -7]
Number: 3   Fitness:  208  StrategyList 1 [93, 97, 122, 115, -7]
Number: 4   Fitness:  208  StrategyList 1 [67, 74, 102, 91, -51]
Number: 5   Fitness:  207  StrategyList 1 [93, 97, 122, 115, -7]
Number: 6   Fitness:  207  StrategyList 1 [113, 73, 100, 105, -7]
%%%%%%%%%%%%%%%%%%%%%%%   <22>  %%%%%%%%%%%%%%%%%%%%%
Number: 0   Fitness:  221  StrategyList 1 [85, 99, 58, 115, -5]
Number: 1   Fitness:  214  StrategyList 1 [77, 97, 122, 115, -7]
Number: 2   Fitness:  212  StrategyList 1 [93, 97, 122, 115, -7]
Number: 3   Fitness:  211  StrategyList 1 [-11, 73, 102, 123, -9]
Number: 4   Fitness:  211  StrategyList 1 [93, 97, 122, 115, -1]
Number: 5   Fitness:  211  StrategyList 1 [65, 98, 106, 115, -19]
Number: 6   Fitness:  211  StrategyList 1 [-27, 115, 110, 99, -19]
%%%%%%%%%%%%%%%%%%%%%%%   <23>  %%%%%%%%%%%%%%%%%%%%%
Number: 0   Fitness:  228  StrategyList 1 [89, 105, 126, 123, 7]
Number: 1   Fitness:  220  StrategyList 1 [77, 97, 122, 115, -7]
Number: 2   Fitness:  218  StrategyList 1 [65, 98, 106, 115, -19]
Number: 3   Fitness:  217  StrategyList 1 [89, 105, 126, 123, 7]
Number: 4   Fitness:  215  StrategyList 1 [74, 74, 46, 83, -7]
Number: 5   Fitness:  214  StrategyList 1 [93, 97, 122, 115, -7]
Number: 6   Fitness:  213  StrategyList 1 [87, 97, 124, 99, -54]
%%%%%%%%%%%%%%%%%%%%%%%   <24>  %%%%%%%%%%%%%%%%%%%%%
Number: 0   Fitness:  231  StrategyList 1 [-1, 72, 84, 91, -49]
Number: 1   Fitness:  229  StrategyList 1 [93, 97, 122, 115, -1]
Number: 2   Fitness:  228  StrategyList 1 [15, 106, 108, 75, -75]
Number: 3   Fitness:  219  StrategyList 1 [125, 96, 123, 99, -6]
Number: 4   Fitness:  218  StrategyList 1 [89, 105, 126, 123, 7]
Number: 5   Fitness:  216  StrategyList 1 [29, 99, 120, 119, -15]
Number: 6   Fitness:  213  StrategyList 1 [93, 97, 122, 115, -1]
%%%%%%%%%%%%%%%%%%%%%%%   <25>  %%%%%%%%%%%%%%%%%%%%%
Number: 0   Fitness:  230  StrategyList 1 [85, 111, 126, 123, -25]
Number: 1   Fitness:  223  StrategyList 1 [71, 97, 114, 99, -54]
Number: 2   Fitness:  214  StrategyList 1 [125, 96, 123, 99, -6]
Number: 3   Fitness:  208  StrategyList 1 [89, 105, 126, 123, 7]
Number: 4   Fitness:  208  StrategyList 1 [73, 76, 126, 115, -23]
Number: 5   Fitness:  208  StrategyList 1 [-1, 72, 84, 91, -49]
Number: 6   Fitness:  207  StrategyList 1 [93, 109, 126, 123, -23]
%%%%%%%%%%%%%%%%%%%%%%%   <26>  %%%%%%%%%%%%%%%%%%%%%
Number: 0   Fitness:  225  StrategyList 1 [125, 96, 123, 99, -6]
Number: 1   Fitness:  225  StrategyList 1 [29, 107, 110, 123, 15]
Number: 2   Fitness:  222  StrategyList 1 [29, 107, 126, 103, -54]
Number: 3   Fitness:  217  StrategyList 1 [89, 105, 126, 123, 7]
Number: 4   Fitness:  215  StrategyList 1 [87, 97, 124, 99, -54]
Number: 5   Fitness:  214  StrategyList 1 [-1, 72, 84, 91, -49]
Number: 6   Fitness:  211  StrategyList 1 [61, 32, 121, 115, -2]
%%%%%%%%%%%%%%%%%%%%%%%   <27>  %%%%%%%%%%%%%%%%%%%%%
Number: 0   Fitness:  229  StrategyList 1 [109, 68, 121, 115, -18]
Number: 1   Fitness:  223  StrategyList 1 [-1, 72, 84, 91, -49]
Number: 2   Fitness:  221  StrategyList 1 [29, 107, 126, 103, -54]
Number: 3   Fitness:  219  StrategyList 1 [-1, 72, 84, 91, -49]
Number: 4   Fitness:  217  StrategyList 1 [73, 76, 126, 115, -23]
Number: 5   Fitness:  213  StrategyList 1 [93, 109, 126, 123, -23]
Number: 6   Fitness:  213  StrategyList 1 [87, 97, 124, 99, -54]
%%%%%%%%%%%%%%%%%%%%%%%   <28>  %%%%%%%%%%%%%%%%%%%%%
Number: 0   Fitness:  225  StrategyList 1 [85, 111, 126, 123, -25]
Number: 1   Fitness:  217  StrategyList 1 [87, 97, 124, 99, -54]
Number: 2   Fitness:  215  StrategyList 1 [29, 107, 126, 103, -54]
Number: 3   Fitness:  215  StrategyList 1 [69, 33, 126, 103, -38]
Number: 4   Fitness:  210  StrategyList 1 [87, 97, 124, 99, -54]
Number: 5   Fitness:  210  StrategyList 1 [-1, 72, 84, 91, -49]
Number: 6   Fitness:  203  StrategyList 1 [29, 107, 110, 123, 15]
%%%%%%%%%%%%%%%%%%%%%%%   <29>  %%%%%%%%%%%%%%%%%%%%%
Number: 0   Fitness:  233  StrategyList 1 [93, 109, 126, 123, -23]
Number: 1   Fitness:  222  StrategyList 1 [73, 77, 126, 123, -23]
Number: 2   Fitness:  211  StrategyList 1 [81, 97, 124, 99, -54]
Number: 3   Fitness:  209  StrategyList 1 [73, 76, 126, 115, -23]
Number: 4   Fitness:  209  StrategyList 1 [75, 76, 118, 119, -31]
Number: 5   Fitness:  209  StrategyList 1 [13, 105, 126, 119, -55]
Number: 6   Fitness:  208  StrategyList 1 [85, 111, 126, 123, -25]
%%%%%%%%%%%%%%%%%%%%%%%   <30>  %%%%%%%%%%%%%%%%%%%%%
Number: 0   Fitness:  229  StrategyList 1 [73, 76, 126, 115, -23]
Number: 1   Fitness:  228  StrategyList 1 [-1, 72, 84, 91, -49]
Number: 2   Fitness:  226  StrategyList 1 [89, 73, 126, 115, -22]
Number: 3   Fitness:  225  StrategyList 1 [73, 109, 126, 123, -23]
Number: 4   Fitness:  221  StrategyList 1 [73, 76, 126, 115, -23]
Number: 5   Fitness:  218  StrategyList 1 [-19, 102, 116, 99, -54]
Number: 6   Fitness:  214  StrategyList 1 [73, 76, 126, 115, -23]
%%%%%%%%%%%%%%%%%%%%%%%   <31>  %%%%%%%%%%%%%%%%%%%%%
Number: 0   Fitness:  229  StrategyList 1 [73, 73, 126, 115, -55]
Number: 1   Fitness:  225  StrategyList 1 [73, 76, 126, 115, -23]
Number: 2   Fitness:  223  StrategyList 1 [73, 77, 126, 123, -23]
Number: 3   Fitness:  221  StrategyList 1 [73, 76, 126, 115, -23]
Number: 4   Fitness:  219  StrategyList 1 [85, 111, 126, 123, -25]
Number: 5   Fitness:  216  StrategyList 1 [73, 76, 126, 115, -23]
Number: 6   Fitness:  215  StrategyList 1 [89, 76, 126, 99, -18]
%%%%%%%%%%%%%%%%%%%%%%%   <32>  %%%%%%%%%%%%%%%%%%%%%
Number: 0   Fitness:  209  StrategyList 1 [73, 77, 126, 123, -23]
Number: 1   Fitness:  208  StrategyList 1 [24, 73, 110, 123, -7]
Number: 2   Fitness:  207  StrategyList 1 [73, 73, 126, 115, -55]
Number: 3   Fitness:  207  StrategyList 1 [73, 76, 126, 115, -23]
Number: 4   Fitness:  207  StrategyList 1 [86, 68, 125, 115, -23]
Number: 5   Fitness:  206  StrategyList 1 [-1, 72, 84, 91, -49]
Number: 6   Fitness:  206  StrategyList 1 [-1, 72, 92, 123, -1]
%%%%%%%%%%%%%%%%%%%%%%%   <33>  %%%%%%%%%%%%%%%%%%%%%
Number: 0   Fitness:  223  StrategyList 1 [-65, 78, 94, 91, -25]
Number: 1   Fitness:  221  StrategyList 1 [81, 105, 126, 123, -28]
Number: 2   Fitness:  216  StrategyList 1 [73, 76, 126, 115, -23]
Number: 3   Fitness:  215  StrategyList 1 [-1, 72, 84, 91, -49]
Number: 4   Fitness:  214  StrategyList 1 [73, 76, 126, 115, -23]
Number: 5   Fitness:  212  StrategyList 1 [73, 77, 126, 123, -23]
Number: 6   Fitness:  212  StrategyList 1 [25, 65, 108, 121, -3]
%%%%%%%%%%%%%%%%%%%%%%%   <34>  %%%%%%%%%%%%%%%%%%%%%
Number: 0   Fitness:  221  StrategyList 1 [-65, 78, 94, 91, -25]
Number: 1   Fitness:  221  StrategyList 1 [93, 79, 126, 115, -19]
Number: 2   Fitness:  219  StrategyList 1 [17, 79, 94, 95, -24]
Number: 3   Fitness:  212  StrategyList 1 [-1, 72, 92, 123, -1]
Number: 4   Fitness:  210  StrategyList 1 [25, 65, 108, 121, -3]
Number: 5   Fitness:  210  StrategyList 1 [73, 76, 126, 115, -23]
Number: 6   Fitness:  209  StrategyList 1 [-65, 78, 86, 91, -49]
%%%%%%%%%%%%%%%%%%%%%%%   <35>  %%%%%%%%%%%%%%%%%%%%%
Number: 0   Fitness:  225  StrategyList 1 [-1, 77, 95, 91, -25]
Number: 1   Fitness:  224  StrategyList 1 [-1, 72, 84, 91, -49]
Number: 2   Fitness:  223  StrategyList 1 [85, 111, 126, 123, -25]
Number: 3   Fitness:  220  StrategyList 1 [-1, 72, 84, 91, -49]
Number: 4   Fitness:  218  StrategyList 1 [93, 79, 126, 115, -19]
Number: 5   Fitness:  217  StrategyList 1 [-1, 72, 92, 123, -1]
Number: 6   Fitness:  215  StrategyList 1 [86, 68, 125, 115, -23]
%%%%%%%%%%%%%%%%%%%%%%%   <36>  %%%%%%%%%%%%%%%%%%%%%
Number: 0   Fitness:  227  StrategyList 1 [25, 65, 108, 121, -3]
Number: 1   Fitness:  225  StrategyList 1 [73, 76, 126, 123, -23]
Number: 2   Fitness:  220  StrategyList 1 [89, 78, 126, 123, -17]
Number: 3   Fitness:  217  StrategyList 1 [-1, 77, 95, 91, -25]
Number: 4   Fitness:  217  StrategyList 1 [17, 69, 94, 91, -29]
Number: 5   Fitness:  212  StrategyList 1 [-1, 76, 95, 87, -19]
Number: 6   Fitness:  212  StrategyList 1 [9, 77, 126, 115, -23]
%%%%%%%%%%%%%%%%%%%%%%%   <37>  %%%%%%%%%%%%%%%%%%%%%
Number: 0   Fitness:  237  StrategyList 1 [25, 65, 108, 121, -3]
Number: 1   Fitness:  230  StrategyList 1 [-1, 76, 95, 87, -19]
Number: 2   Fitness:  227  StrategyList 1 [17, 69, 94, 91, -29]
Number: 3   Fitness:  223  StrategyList 1 [73, 76, 126, 123, -23]
Number: 4   Fitness:  222  StrategyList 1 [89, 78, 126, 123, -17]
Number: 5   Fitness:  221  StrategyList 1 [93, 78, 126, 115, -21]
Number: 6   Fitness:  218  StrategyList 1 [-1, 76, 95, 87, -19]
%%%%%%%%%%%%%%%%%%%%%%%   <38>  %%%%%%%%%%%%%%%%%%%%%
Number: 0   Fitness:  234  StrategyList 1 [73, 76, 126, 123, -23]
Number: 1   Fitness:  224  StrategyList 1 [-1, 78, 125, 95, -1]
Number: 2   Fitness:  215  StrategyList 1 [9, 78, 126, 115, -6]
Number: 3   Fitness:  213  StrategyList 1 [-1, 76, 95, 87, -19]
Number: 4   Fitness:  213  StrategyList 1 [82, 70, 116, 67, -51]
Number: 5   Fitness:  213  StrategyList 1 [-1, 77, 120, 123, -117]
Number: 6   Fitness:  210  StrategyList 1 [84, 111, 108, 114, 22]
%%%%%%%%%%%%%%%%%%%%%%%   <39>  %%%%%%%%%%%%%%%%%%%%%
Number: 0   Fitness:  220  StrategyList 1 [72, 68, 124, 122, -19]
Number: 1   Fitness:  218  StrategyList 1 [-1, 78, 125, 95, -1]
Number: 2   Fitness:  216  StrategyList 1 [9, 78, 126, 115, -6]
Number: 3   Fitness:  214  StrategyList 1 [9, 76, 126, 123, -53]
Number: 4   Fitness:  213  StrategyList 1 [17, 78, 126, 123, -29]
Number: 5   Fitness:  211  StrategyList 1 [85, 104, 126, 115, -23]
Number: 6   Fitness:  210  StrategyList 1 [82, 70, 116, 67, -51]
%%%%%%%%%%%%%%%%%%%%%%%   <40>  %%%%%%%%%%%%%%%%%%%%%
Number: 0   Fitness:  231  StrategyList 1 [72, 68, 124, 122, -19]
Number: 1   Fitness:  227  StrategyList 1 [9, 78, 126, 115, -6]
Number: 2   Fitness:  225  StrategyList 1 [89, 79, 62, 113, -18]
Number: 3   Fitness:  215  StrategyList 1 [9, 76, 126, 123, -53]
Number: 4   Fitness:  210  StrategyList 1 [1, 72, 122, 115, -49]
Number: 5   Fitness:  209  StrategyList 1 [73, 76, 126, 123, -23]
Number: 6   Fitness:  208  StrategyList 1 [17, 78, 126, 123, -29]
%%%%%%%%%%%%%%%%%%%%%%%   <41>  %%%%%%%%%%%%%%%%%%%%%
Number: 0   Fitness:  216  StrategyList 1 [1, 72, 122, 115, -49]
Number: 1   Fitness:  210  StrategyList 1 [9, 78, 126, 115, -6]
Number: 2   Fitness:  210  StrategyList 1 [5, 104, 90, 115, -23]
Number: 3   Fitness:  209  StrategyList 1 [25, 77, 44, 113, -18]
Number: 4   Fitness:  209  StrategyList 1 [82, 70, 116, 67, -51]
Number: 5   Fitness:  208  StrategyList 1 [9, 76, 126, 123, -53]
Number: 6   Fitness:  207  StrategyList 1 [-1, 76, 95, 87, -19]
%%%%%%%%%%%%%%%%%%%%%%%   <42>  %%%%%%%%%%%%%%%%%%%%%
Number: 0   Fitness:  233  StrategyList 1 [9, 78, 126, 115, -6]
Number: 1   Fitness:  231  StrategyList 1 [5, 104, 90, 115, -23]
Number: 2   Fitness:  226  StrategyList 1 [17, 78, 126, 123, -29]
Number: 3   Fitness:  218  StrategyList 1 [1, 76, 126, 115, -21]
Number: 4   Fitness:  214  StrategyList 1 [82, 70, 116, 67, -51]
Number: 5   Fitness:  211  StrategyList 1 [-1, 76, 95, 87, -19]
Number: 6   Fitness:  206  StrategyList 1 [27, 73, 76, 123, -2]
%%%%%%%%%%%%%%%%%%%%%%%   <43>  %%%%%%%%%%%%%%%%%%%%%
Number: 0   Fitness:  211  StrategyList 1 [19, 78, 126, 67, -49]
Number: 1   Fitness:  208  StrategyList 1 [-21, 72, 90, 114, -55]
Number: 2   Fitness:  207  StrategyList 1 [114, 71, 112, 99, -49]
Number: 3   Fitness:  206  StrategyList 1 [-1, 76, 95, 87, -19]
Number: 4   Fitness:  206  StrategyList 1 [80, 70, 116, 123, -31]
Number: 5   Fitness:  206  StrategyList 1 [27, 73, 76, 123, -2]
Number: 6   Fitness:  206  StrategyList 1 [25, 65, 108, 121, -3]
%%%%%%%%%%%%%%%%%%%%%%%   <44>  %%%%%%%%%%%%%%%%%%%%%
Number: 0   Fitness:  229  StrategyList 1 [27, 73, 76, 123, -2]
Number: 1   Fitness:  226  StrategyList 1 [-1, 76, 95, 87, -19]
Number: 2   Fitness:  221  StrategyList 1 [114, 71, 112, 99, -49]
Number: 3   Fitness:  214  StrategyList 1 [1, 76, 126, 115, -21]
Number: 4   Fitness:  213  StrategyList 1 [27, 72, 110, 123, -6]
Number: 5   Fitness:  210  StrategyList 1 [80, 70, 116, 123, -31]
Number: 6   Fitness:  209  StrategyList 1 [81, 69, 78, 121, -67]
%%%%%%%%%%%%%%%%%%%%%%%   <45>  %%%%%%%%%%%%%%%%%%%%%
Number: 0   Fitness:  243  StrategyList 1 [114, 71, 112, 99, -49]
Number: 1   Fitness:  231  StrategyList 1 [-25, 77, 124, 90, -53]
Number: 2   Fitness:  221  StrategyList 1 [27, 74, 108, 113, -80]
Number: 3   Fitness:  219  StrategyList 1 [114, 71, 112, 99, -49]
Number: 4   Fitness:  219  StrategyList 1 [114, 71, 112, 99, -49]
Number: 5   Fitness:  218  StrategyList 1 [82, 70, 116, 67, -49]
Number: 6   Fitness:  216  StrategyList 1 [-1, 78, 95, 127, -86]
%%%%%%%%%%%%%%%%%%%%%%%   <46>  %%%%%%%%%%%%%%%%%%%%%
Number: 0   Fitness:  229  StrategyList 1 [9, 74, 95, 127, -86]
Number: 1   Fitness:  221  StrategyList 1 [82, 70, 116, 67, -49]
Number: 2   Fitness:  220  StrategyList 1 [114, 71, 112, 99, -49]
Number: 3   Fitness:  214  StrategyList 1 [114, 71, 112, 99, -49]
Number: 4   Fitness:  214  StrategyList 1 [-1, 76, 95, 87, -19]
Number: 5   Fitness:  214  StrategyList 1 [114, 71, 112, 99, -49]
Number: 6   Fitness:  211  StrategyList 1 [-19, 75, 90, 51, -2]
%%%%%%%%%%%%%%%%%%%%%%%   <47>  %%%%%%%%%%%%%%%%%%%%%
Number: 0   Fitness:  219  StrategyList 1 [-1, 76, 95, 87, -19]
Number: 1   Fitness:  211  StrategyList 1 [-25, 77, 124, 90, -53]
Number: 2   Fitness:  210  StrategyList 1 [-25, 77, 124, 90, -53]
Number: 3   Fitness:  207  StrategyList 1 [114, 70, 112, 99, -49]
Number: 4   Fitness:  206  StrategyList 1 [114, 71, 112, 99, -49]
Number: 5   Fitness:  205  StrategyList 1 [-1, 76, 95, 87, -19]
Number: 6   Fitness:  205  StrategyList 1 [9, 74, 95, 127, -86]
%%%%%%%%%%%%%%%%%%%%%%%   <48>  %%%%%%%%%%%%%%%%%%%%%
Number: 0   Fitness:  226  StrategyList 1 [-25, 77, 124, 90, -53]
Number: 1   Fitness:  226  StrategyList 1 [114, 71, 112, 99, -49]
Number: 2   Fitness:  222  StrategyList 1 [114, 71, 112, 99, -49]
Number: 3   Fitness:  220  StrategyList 1 [-1, 76, 95, 87, -19]
Number: 4   Fitness:  217  StrategyList 1 [82, 70, 116, 67, -49]
Number: 5   Fitness:  216  StrategyList 1 [98, 79, 114, 115, -113]
Number: 6   Fitness:  209  StrategyList 1 [114, 71, 112, 99, -49]
%%%%%%%%%%%%%%%%%%%%%%%   <49>  %%%%%%%%%%%%%%%%%%%%%
Number: 0   Fitness:  226  StrategyList 1 [114, 71, 112, 99, -49]
Number: 1   Fitness:  225  StrategyList 1 [-25, 76, 126, 82, -49]
Number: 2   Fitness:  213  StrategyList 1 [-1, 77, 93, 95, -23]
Number: 3   Fitness:  213  StrategyList 1 [17, 74, 127, 127, -66]
Number: 4   Fitness:  213  StrategyList 1 [114, 71, 112, 99, -49]
Number: 5   Fitness:  211  StrategyList 1 [122, 71, 112, 99, -49]
Number: 6   Fitness:  208  StrategyList 1 [114, 71, 112, 99, -49]
%%%%%%%%%%%%%%%%%%%%%%%   <50>  %%%%%%%%%%%%%%%%%%%%%
Number: 0   Fitness:  228  StrategyList 1 [82, 71, 112, 99, -49]
Number: 1   Fitness:  217  StrategyList 1 [-9, 76, 125, 91, -49]
Number: 2   Fitness:  217  StrategyList 1 [114, 71, 112, 99, -49]
Number: 3   Fitness:  216  StrategyList 1 [13, 78, 93, 63, -86]
Number: 4   Fitness:  216  StrategyList 1 [-25, 76, 126, 82, -49]
Number: 5   Fitness:  214  StrategyList 1 [-16, 79, 92, 84, -7]
Number: 6   Fitness:  211  StrategyList 1 [17, 74, 127, 127, -66]
%%%%%%%%%%%%%%%%%%%%%%%   <51>  %%%%%%%%%%%%%%%%%%%%%
Number: 0   Fitness:  220  StrategyList 1 [82, 71, 112, 99, -49]
Number: 1   Fitness:  219  StrategyList 1 [-49, 68, 124, 66, -49]
Number: 2   Fitness:  217  StrategyList 1 [123, 71, 114, 111, -2]
Number: 3   Fitness:  217  StrategyList 1 [-25, 76, 124, 90, -49]
Number: 4   Fitness:  214  StrategyList 1 [122, 70, 116, 67, -49]
Number: 5   Fitness:  212  StrategyList 1 [66, 87, 114, 107, -53]
Number: 6   Fitness:  212  StrategyList 1 [-25, 76, 126, 82, -49]
%%%%%%%%%%%%%%%%%%%%%%%   <52>  %%%%%%%%%%%%%%%%%%%%%
Number: 0   Fitness:  229  StrategyList 1 [82, 71, 112, 99, -49]
Number: 1   Fitness:  228  StrategyList 1 [90, 71, 112, 107, -49]
Number: 2   Fitness:  215  StrategyList 1 [-25, 76, 126, 82, -49]
Number: 3   Fitness:  215  StrategyList 1 [-19, 71, 114, 91, -53]
Number: 4   Fitness:  212  StrategyList 1 [-27, 77, 124, 91, -53]
Number: 5   Fitness:  212  StrategyList 1 [-25, 76, 124, 90, -49]
Number: 6   Fitness:  209  StrategyList 1 [-57, 71, 125, 66, -49]
%%%%%%%%%%%%%%%%%%%%%%%   <53>  %%%%%%%%%%%%%%%%%%%%%
Number: 0   Fitness:  221  StrategyList 1 [122, 70, 116, 67, -49]
Number: 1   Fitness:  218  StrategyList 1 [-27, 78, 126, 82, -51]
Number: 2   Fitness:  213  StrategyList 1 [-25, 77, 124, 90, -53]
Number: 3   Fitness:  213  StrategyList 1 [-25, 76, 126, 82, -49]
Number: 4   Fitness:  213  StrategyList 1 [25, 73, 126, 123, -36]
Number: 5   Fitness:  210  StrategyList 1 [-27, 77, 124, 91, -53]
Number: 6   Fitness:  208  StrategyList 1 [57, 70, 127, 106, -50]
%%%%%%%%%%%%%%%%%%%%%%%   <54>  %%%%%%%%%%%%%%%%%%%%%
Number: 0   Fitness:  226  StrategyList 1 [-88, 86, 124, 90, -49]
Number: 1   Fitness:  214  StrategyList 1 [-19, 77, 118, 107, -49]
Number: 2   Fitness:  213  StrategyList 1 [-27, 77, 124, 91, -53]
Number: 3   Fitness:  213  StrategyList 1 [25, 73, 126, 123, -36]
Number: 4   Fitness:  213  StrategyList 1 [72, 92, 126, 82, -49]
Number: 5   Fitness:  212  StrategyList 1 [-27, 78, 126, 82, -51]
Number: 6   Fitness:  211  StrategyList 1 [25, 77, 92, 127, -19]
%%%%%%%%%%%%%%%%%%%%%%%   <55>  %%%%%%%%%%%%%%%%%%%%%
Number: 0   Fitness:  220  StrategyList 1 [-47, 70, 112, 90, -112]
Number: 1   Fitness:  218  StrategyList 1 [-88, 86, 124, 90, -49]
Number: 2   Fitness:  215  StrategyList 1 [-33, 92, 126, 98, -49]
Number: 3   Fitness:  214  StrategyList 1 [-82, 68, 116, 98, -49]
Number: 4   Fitness:  213  StrategyList 1 [-27, 77, 124, 91, -53]
Number: 5   Fitness:  212  StrategyList 1 [-33, 92, 126, 98, -49]
Number: 6   Fitness:  206  StrategyList 1 [72, 92, 126, 82, -49]
%%%%%%%%%%%%%%%%%%%%%%%   <56>  %%%%%%%%%%%%%%%%%%%%%
Number: 0   Fitness:  219  StrategyList 1 [25, 73, 126, 123, -36]
Number: 1   Fitness:  217  StrategyList 1 [-27, 77, 124, 91, -53]
Number: 2   Fitness:  217  StrategyList 1 [-57, 93, 110, 106, -50]
Number: 3   Fitness:  215  StrategyList 1 [-19, 77, 118, 107, -49]
Number: 4   Fitness:  212  StrategyList 1 [-19, 71, 124, 91, -53]
Number: 5   Fitness:  211  StrategyList 1 [-33, 92, 126, 98, -49]
Number: 6   Fitness:  209  StrategyList 1 [-97, 76, 118, 96, -48]
%%%%%%%%%%%%%%%%%%%%%%%   <57>  %%%%%%%%%%%%%%%%%%%%%
Number: 0   Fitness:  214  StrategyList 1 [25, 73, 126, 123, -36]
Number: 1   Fitness:  213  StrategyList 1 [-97, 76, 118, 96, -48]
Number: 2   Fitness:  210  StrategyList 1 [-120, 71, 125, 82, -53]
Number: 3   Fitness:  209  StrategyList 1 [-33, 92, 126, 98, -49]
Number: 4   Fitness:  207  StrategyList 1 [-19, 71, 124, 91, -53]
Number: 5   Fitness:  207  StrategyList 1 [-33, 92, 126, 98, -49]
Number: 6   Fitness:  205  StrategyList 1 [-17, 77, 118, 123, -53]
%%%%%%%%%%%%%%%%%%%%%%%   <58>  %%%%%%%%%%%%%%%%%%%%%
Number: 0   Fitness:  216  StrategyList 1 [-72, 76, 94, 80, 49]
Number: 1   Fitness:  215  StrategyList 1 [-33, 92, 126, 98, -49]
Number: 2   Fitness:  214  StrategyList 1 [-56, 77, 101, 106, -50]
Number: 3   Fitness:  212  StrategyList 1 [-123, 70, 125, 67, -49]
Number: 4   Fitness:  210  StrategyList 1 [-16, 68, 124, 114, -53]
Number: 5   Fitness:  209  StrategyList 1 [-19, 71, 124, 91, -53]
Number: 6   Fitness:  208  StrategyList 1 [-17, 77, 118, 123, -53]
%%%%%%%%%%%%%%%%%%%%%%%   <59>  %%%%%%%%%%%%%%%%%%%%%
